#
# There is insufficient memory for the Java Runtime Environment to continue.
# Native memory allocation (malloc) failed to allocate 1136336 bytes for Chunk::new
# Possible reasons:
#   The system is out of physical RAM or swap space
#   In 32 bit mode, the process size limit was hit
# Possible solutions:
#   Reduce memory load on the system
#   Increase physical memory or swap space
#   Check if swap backing store is full
#   Use 64 bit Java on a 64 bit OS
#   Decrease Java heap size (-Xmx/-Xms)
#   Decrease number of Java threads
#   Decrease Java thread stack sizes (-Xss)
#   Set larger code cache with -XX:ReservedCodeCacheSize=
# This output file may be truncated or incomplete.
#
#  Out of Memory Error (allocation.cpp:390), pid=9232, tid=10460
#
# JRE version: Java(TM) SE Runtime Environment (8.0_60-b27) (build 1.8.0_60-b27)
# Java VM: Java HotSpot(TM) 64-Bit Server VM (25.60-b23 mixed mode windows-amd64 compressed oops)
# Failed to write core dump. Minidumps are not enabled by default on client versions of Windows
#

---------------  T H R E A D  ---------------

Current thread (0x000000001704b000):  JavaThread "C2 CompilerThread0" daemon [_thread_in_native, id=10460, stack(0x0000000017620000,0x0000000017720000)]

Stack: [0x0000000017620000,0x0000000017720000]
[error occurred during error reporting (printing stack bounds), id 0xc0000005]

Native frames: (J=compiled Java code, j=interpreted, Vv=VM code, C=native code)


Current CompileTask:
C2:   8220 5009       4       java.io.WinNTFileSystem::normalize (143 bytes)


---------------  P R O C E S S  ---------------

Java Threads: ( => current thread )
  0x0000000018fe8800 JavaThread "File lock request listener" [_thread_in_native, id=2136, stack(0x000000001b200000,0x000000001b300000)]
  0x0000000018b39000 JavaThread "Stdin handler" [_thread_blocked, id=11140, stack(0x0000000019f30000,0x000000001a030000)]
  0x0000000018bed000 JavaThread "Daemon worker" [_thread_in_native, id=7412, stack(0x0000000019e30000,0x0000000019f30000)]
  0x0000000018be9000 JavaThread "Cancel handler" [_thread_blocked, id=4540, stack(0x0000000019d30000,0x0000000019e30000)]
  0x0000000018bcf800 JavaThread "Handler for socket connection from /127.0.0.1:55357 to /127.0.0.1:55358" [_thread_in_native, id=5376, stack(0x0000000019c30000,0x0000000019d30000)]
  0x0000000018bcf000 JavaThread "Daemon" [_thread_blocked, id=4132, stack(0x0000000019b30000,0x0000000019c30000)]
  0x00000000188e6000 JavaThread "Incoming local TCP Connector on port 55357" [_thread_in_native, id=4704, stack(0x0000000019730000,0x0000000019830000)]
  0x00000000170ed000 JavaThread "Service Thread" daemon [_thread_blocked, id=6632, stack(0x0000000017a20000,0x0000000017b20000)]
  0x000000001705c800 JavaThread "C1 CompilerThread3" daemon [_thread_blocked, id=5908, stack(0x0000000017920000,0x0000000017a20000)]
  0x0000000017050800 JavaThread "C2 CompilerThread2" daemon [_thread_in_native, id=660, stack(0x0000000017820000,0x0000000017920000)]
  0x000000001704d800 JavaThread "C2 CompilerThread1" daemon [_thread_in_native, id=9032, stack(0x0000000017720000,0x0000000017820000)]
=>0x000000001704b000 JavaThread "C2 CompilerThread0" daemon [_thread_in_native, id=10460, stack(0x0000000017620000,0x0000000017720000)]
  0x000000001704a000 JavaThread "Attach Listener" daemon [_thread_blocked, id=6260, stack(0x0000000017520000,0x0000000017620000)]
  0x0000000017045000 JavaThread "Signal Dispatcher" daemon [_thread_blocked, id=3532, stack(0x0000000017420000,0x0000000017520000)]
  0x000000000242b800 JavaThread "Finalizer" daemon [_thread_blocked, id=9824, stack(0x0000000016e20000,0x0000000016f20000)]
  0x0000000014f4c800 JavaThread "Reference Handler" daemon [_thread_blocked, id=10416, stack(0x0000000016d20000,0x0000000016e20000)]
  0x000000000222e000 JavaThread "main" [_thread_blocked, id=11248, stack(0x0000000002230000,0x0000000002330000)]

Other Threads:
  0x0000000014f48800 VMThread [stack: 0x0000000016c20000,0x0000000016d20000] [id=10052]
  0x0000000017109000 WatcherThread [stack: 0x0000000017b20000,0x0000000017c20000] [id=9840]

VM state:not at safepoint (normal execution)

VM Mutex/Monitor currently owned by a thread: None

Heap:
 PSYoungGen      total 321024K, used 38657K [0x00000000eab00000, 0x0000000100000000, 0x0000000100000000)
  eden space 303104K, 6% used [0x00000000eab00000,0x00000000ebf40548,0x00000000fd300000)
  from space 17920K, 99% used [0x00000000feb80000,0x00000000ffcfff28,0x00000000ffd00000)
  to   space 23040K, 0% used [0x00000000fd300000,0x00000000fd300000,0x00000000fe980000)
 ParOldGen       total 74752K, used 25782K [0x00000000c0000000, 0x00000000c4900000, 0x00000000eab00000)
  object space 74752K, 34% used [0x00000000c0000000,0x00000000c192d940,0x00000000c4900000)
 Metaspace       used 42141K, capacity 43444K, committed 43648K, reserved 1087488K
  class space    used 5849K, capacity 6196K, committed 6272K, reserved 1048576K

Card table byte_map: [0x00000000117f0000,0x0000000011a00000] byte_map_base: 0x00000000111f0000

Marking Bits: (ParMarkBitMap*) 0x00000000648ba5b0
 Begin Bits: [0x0000000012360000, 0x0000000013360000)
 End Bits:   [0x0000000013360000, 0x0000000014360000)

Polling page: 0x0000000000500000

CodeCache: size=245760Kb used=17817Kb max_used=18121Kb free=227942Kb
 bounds [0x0000000002430000, 0x0000000003600000, 0x0000000011430000]
 total_blobs=5301 nmethods=4617 adapters=595
 compilation: enabled

Compilation events (10 events):
Event: 8.215 Thread 0x000000001705c800 5151       3       org.gradle.api.internal.file.AbstractFileResolver::validate (184 bytes)
Event: 8.217 Thread 0x000000001705c800 nmethod 5151 0x0000000002e72fd0 code [0x0000000002e735e0, 0x0000000002e77428]
Event: 8.218 Thread 0x000000001705c800 5154       3       com.android.build.gradle.internal.dependency.LibraryDependencyImpl::hashCode (49 bytes)
Event: 8.218 Thread 0x000000001704d800 nmethod 5083 0x0000000002eff350 code [0x0000000002eff500, 0x0000000002effcd0]
Event: 8.219 Thread 0x000000001704d800 5097   !   4       org.codehaus.groovy.reflection.ClassInfo::getMetaClass (33 bytes)
Event: 8.219 Thread 0x000000001705c800 nmethod 5154 0x0000000002f00bd0 code [0x0000000002f00e00, 0x0000000002f01d58]
Event: 8.219 Thread 0x000000001705c800 5155       3       com.android.builder.dependency.LibraryBundle::hashCode (22 bytes)
Event: 8.219 Thread 0x000000001705c800 nmethod 5155 0x0000000002efeb90 code [0x0000000002efed20, 0x0000000002eff1e8]
Event: 8.219 Thread 0x000000001705c800 5156       3       com.android.build.gradle.internal.model.MavenCoordinatesImpl::hashCode (43 bytes)
Event: 8.219 Thread 0x000000001705c800 nmethod 5156 0x0000000002ea4ad0 code [0x0000000002ea4c80, 0x0000000002ea54c8]

GC Heap History (10 events):
Event: 4.808 GC heap before
{Heap before GC invocations=8 (full 1):
 PSYoungGen      total 127488K, used 118208K [0x00000000eab00000, 0x00000000f3600000, 0x0000000100000000)
  eden space 116224K, 100% used [0x00000000eab00000,0x00000000f1c80000,0x00000000f1c80000)
  from space 11264K, 17% used [0x00000000f2780000,0x00000000f2970030,0x00000000f3280000)
  to   space 11264K, 0% used [0x00000000f1c80000,0x00000000f1c80000,0x00000000f2780000)
 ParOldGen       total 59392K, used 7944K [0x00000000c0000000, 0x00000000c3a00000, 0x00000000eab00000)
  object space 59392K, 13% used [0x00000000c0000000,0x00000000c07c2328,0x00000000c3a00000)
 Metaspace       used 26847K, capacity 27426K, committed 27648K, reserved 1073152K
  class space    used 3626K, capacity 3773K, committed 3840K, reserved 1048576K
Event: 4.815 GC heap after
Heap after GC invocations=8 (full 1):
 PSYoungGen      total 127488K, used 10889K [0x00000000eab00000, 0x00000000f8b80000, 0x0000000100000000)
  eden space 116224K, 0% used [0x00000000eab00000,0x00000000eab00000,0x00000000f1c80000)
  from space 11264K, 96% used [0x00000000f1c80000,0x00000000f2722428,0x00000000f2780000)
  to   space 13312K, 0% used [0x00000000f7e80000,0x00000000f7e80000,0x00000000f8b80000)
 ParOldGen       total 59392K, used 7952K [0x00000000c0000000, 0x00000000c3a00000, 0x00000000eab00000)
  object space 59392K, 13% used [0x00000000c0000000,0x00000000c07c4328,0x00000000c3a00000)
 Metaspace       used 26847K, capacity 27426K, committed 27648K, reserved 1073152K
  class space    used 3626K, capacity 3773K, committed 3840K, reserved 1048576K
}
Event: 6.325 GC heap before
{Heap before GC invocations=9 (full 1):
 PSYoungGen      total 127488K, used 127113K [0x00000000eab00000, 0x00000000f8b80000, 0x0000000100000000)
  eden space 116224K, 100% used [0x00000000eab00000,0x00000000f1c80000,0x00000000f1c80000)
  from space 11264K, 96% used [0x00000000f1c80000,0x00000000f2722428,0x00000000f2780000)
  to   space 13312K, 0% used [0x00000000f7e80000,0x00000000f7e80000,0x00000000f8b80000)
 ParOldGen       total 59392K, used 7952K [0x00000000c0000000, 0x00000000c3a00000, 0x00000000eab00000)
  object space 59392K, 13% used [0x00000000c0000000,0x00000000c07c4328,0x00000000c3a00000)
 Metaspace       used 34536K, capacity 35296K, committed 35496K, reserved 1079296K
  class space    used 4632K, capacity 4834K, committed 4864K, reserved 1048576K
Event: 6.342 GC heap after
Heap after GC invocations=9 (full 1):
 PSYoungGen      total 211968K, used 13288K [0x00000000eab00000, 0x00000000f8e00000, 0x0000000100000000)
  eden space 198656K, 0% used [0x00000000eab00000,0x00000000eab00000,0x00000000f6d00000)
  from space 13312K, 99% used [0x00000000f7e80000,0x00000000f8b7a288,0x00000000f8b80000)
  to   space 16896K, 0% used [0x00000000f6d00000,0x00000000f6d00000,0x00000000f7d80000)
 ParOldGen       total 59392K, used 10675K [0x00000000c0000000, 0x00000000c3a00000, 0x00000000eab00000)
  object space 59392K, 17% used [0x00000000c0000000,0x00000000c0a6cf48,0x00000000c3a00000)
 Metaspace       used 34536K, capacity 35296K, committed 35496K, reserved 1079296K
  class space    used 4632K, capacity 4834K, committed 4864K, reserved 1048576K
}
Event: 6.344 GC heap before
{Heap before GC invocations=10 (full 1):
 PSYoungGen      total 211968K, used 17026K [0x00000000eab00000, 0x00000000f8e00000, 0x0000000100000000)
  eden space 198656K, 1% used [0x00000000eab00000,0x00000000eaea67c0,0x00000000f6d00000)
  from space 13312K, 99% used [0x00000000f7e80000,0x00000000f8b7a288,0x00000000f8b80000)
  to   space 16896K, 0% used [0x00000000f6d00000,0x00000000f6d00000,0x00000000f7d80000)
 ParOldGen       total 59392K, used 10675K [0x00000000c0000000, 0x00000000c3a00000, 0x00000000eab00000)
  object space 59392K, 17% used [0x00000000c0000000,0x00000000c0a6cf48,0x00000000c3a00000)
 Metaspace       used 34544K, capacity 35296K, committed 35496K, reserved 1079296K
  class space    used 4633K, capacity 4834K, committed 4864K, reserved 1048576K
Event: 6.354 GC heap after
Heap after GC invocations=10 (full 1):
 PSYoungGen      total 215552K, used 12708K [0x00000000eab00000, 0x00000000ffd00000, 0x0000000100000000)
  eden space 198656K, 0% used [0x00000000eab00000,0x00000000eab00000,0x00000000f6d00000)
  from space 16896K, 75% used [0x00000000f6d00000,0x00000000f7969390,0x00000000f7d80000)
  to   space 17920K, 0% used [0x00000000feb80000,0x00000000feb80000,0x00000000ffd00000)
 ParOldGen       total 59392K, used 11307K [0x00000000c0000000, 0x00000000c3a00000, 0x00000000eab00000)
  object space 59392K, 19% used [0x00000000c0000000,0x00000000c0b0af88,0x00000000c3a00000)
 Metaspace       used 34544K, capacity 35296K, committed 35496K, reserved 1079296K
  class space    used 4633K, capacity 4834K, committed 4864K, reserved 1048576K
}
Event: 6.354 GC heap before
{Heap before GC invocations=11 (full 2):
 PSYoungGen      total 215552K, used 12708K [0x00000000eab00000, 0x00000000ffd00000, 0x0000000100000000)
  eden space 198656K, 0% used [0x00000000eab00000,0x00000000eab00000,0x00000000f6d00000)
  from space 16896K, 75% used [0x00000000f6d00000,0x00000000f7969390,0x00000000f7d80000)
  to   space 17920K, 0% used [0x00000000feb80000,0x00000000feb80000,0x00000000ffd00000)
 ParOldGen       total 59392K, used 11307K [0x00000000c0000000, 0x00000000c3a00000, 0x00000000eab00000)
  object space 59392K, 19% used [0x00000000c0000000,0x00000000c0b0af88,0x00000000c3a00000)
 Metaspace       used 34544K, capacity 35296K, committed 35496K, reserved 1079296K
  class space    used 4633K, capacity 4834K, committed 4864K, reserved 1048576K
Event: 6.448 GC heap after
Heap after GC invocations=11 (full 2):
 PSYoungGen      total 215552K, used 0K [0x00000000eab00000, 0x00000000ffd00000, 0x0000000100000000)
  eden space 198656K, 0% used [0x00000000eab00000,0x00000000eab00000,0x00000000f6d00000)
  from space 16896K, 0% used [0x00000000f6d00000,0x00000000f6d00000,0x00000000f7d80000)
  to   space 17920K, 0% used [0x00000000feb80000,0x00000000feb80000,0x00000000ffd00000)
 ParOldGen       total 74752K, used 20008K [0x00000000c0000000, 0x00000000c4900000, 0x00000000eab00000)
  object space 74752K, 26% used [0x00000000c0000000,0x00000000c138a190,0x00000000c4900000)
 Metaspace       used 34524K, capacity 35274K, committed 35496K, reserved 1079296K
  class space    used 4627K, capacity 4828K, committed 4864K, reserved 1048576K
}
Event: 8.028 GC heap before
{Heap before GC invocations=12 (full 2):
 PSYoungGen      total 215552K, used 198656K [0x00000000eab00000, 0x00000000ffd00000, 0x0000000100000000)
  eden space 198656K, 100% used [0x00000000eab00000,0x00000000f6d00000,0x00000000f6d00000)
  from space 16896K, 0% used [0x00000000f6d00000,0x00000000f6d00000,0x00000000f7d80000)
  to   space 17920K, 0% used [0x00000000feb80000,0x00000000feb80000,0x00000000ffd00000)
 ParOldGen       total 74752K, used 20008K [0x00000000c0000000, 0x00000000c4900000, 0x00000000eab00000)
  object space 74752K, 26% used [0x00000000c0000000,0x00000000c138a190,0x00000000c4900000)
 Metaspace       used 41736K, capacity 43106K, committed 43392K, reserved 1087488K
  class space    used 5777K, capacity 6156K, committed 6272K, reserved 1048576K
Event: 8.047 GC heap after
Heap after GC invocations=12 (full 2):
 PSYoungGen      total 321024K, used 17919K [0x00000000eab00000, 0x0000000100000000, 0x0000000100000000)
  eden space 303104K, 0% used [0x00000000eab00000,0x00000000eab00000,0x00000000fd300000)
  from space 17920K, 99% used [0x00000000feb80000,0x00000000ffcfff28,0x00000000ffd00000)
  to   space 23040K, 0% used [0x00000000fd300000,0x00000000fd300000,0x00000000fe980000)
 ParOldGen       total 74752K, used 25782K [0x00000000c0000000, 0x00000000c4900000, 0x00000000eab00000)
  object space 74752K, 34% used [0x00000000c0000000,0x00000000c192d940,0x00000000c4900000)
 Metaspace       used 41736K, capacity 43106K, committed 43392K, reserved 1087488K
  class space    used 5777K, capacity 6156K, committed 6272K, reserved 1048576K
}

Deoptimization events (10 events):
Event: 7.717 Thread 0x0000000018bed000 Uncommon trap: reason=unstable_if action=reinterpret pc=0x0000000002c59168 method=org.codehaus.groovy.util.ReferenceManager$2.afterReferenceCreation(Lorg/codehaus/groovy/util/Reference;)V @ 8
Event: 7.787 Thread 0x0000000018bed000 Uncommon trap: reason=bimorphic action=maybe_recompile pc=0x000000000327c418 method=org.codehaus.groovy.util.SingleKeyHashMap.get(Ljava/lang/Object;)Ljava/lang/Object; @ 1
Event: 7.787 Thread 0x0000000018bed000 Uncommon trap: reason=bimorphic action=maybe_recompile pc=0x000000000327c418 method=org.codehaus.groovy.util.SingleKeyHashMap.get(Ljava/lang/Object;)Ljava/lang/Object; @ 1
Event: 7.907 Thread 0x0000000018bed000 Uncommon trap: reason=unstable_if action=reinterpret pc=0x0000000002a8c954 method=java.lang.AbstractStringBuilder.append(I)Ljava/lang/AbstractStringBuilder; @ 16
Event: 7.968 Thread 0x0000000018bed000 Uncommon trap: reason=unstable_if action=reinterpret pc=0x0000000002cbdad8 method=org.codehaus.groovy.util.ReferenceManager$2.afterReferenceCreation(Lorg/codehaus/groovy/util/Reference;)V @ 8
Event: 7.981 Thread 0x0000000018bed000 Uncommon trap: reason=unstable_if action=reinterpret pc=0x0000000002cafd54 method=java.lang.AbstractStringBuilder.append(I)Ljava/lang/AbstractStringBuilder; @ 16
Event: 7.984 Thread 0x0000000018bed000 Uncommon trap: reason=class_check action=maybe_recompile pc=0x0000000003180d40 method=java.lang.Throwable.<init>(Ljava/lang/String;Ljava/lang/Throwable;)V @ 24
Event: 8.124 Thread 0x0000000018bed000 Uncommon trap: reason=class_check action=maybe_recompile pc=0x0000000003180d40 method=java.lang.Throwable.<init>(Ljava/lang/String;Ljava/lang/Throwable;)V @ 24
Event: 8.168 Thread 0x0000000018bed000 Uncommon trap: reason=class_check action=maybe_recompile pc=0x0000000003180d40 method=java.lang.Throwable.<init>(Ljava/lang/String;Ljava/lang/Throwable;)V @ 24
Event: 8.207 Thread 0x0000000018bed000 Uncommon trap: reason=unstable_if action=reinterpret pc=0x0000000002b3041c method=java.util.LinkedHashMap.afterNodeInsertion(Z)V @ 18

Internal exceptions (10 events):
Event: 8.095 Thread 0x0000000018bed000 Exception <a 'java/lang/ClassNotFoundException': org/gradle/api/internal/tasks/DefaultSourceSetContainer_DecoratedBeanInfo> (0x00000000eb532c50) thrown at [C:\re\workspace\8-2-build-windows-amd64-cygwin\jdk8u60\4407\hotspot\src\share\vm\classfile\systemDic¾æÎœ0 @
Event: 8.095 Thread 0x0000000018bed000 Exception <a 'java/lang/ClassNotFoundException': org/gradle/api/internal/tasks/DefaultSourceSetContainerBeanInfo> (0x00000000eb5506c8) thrown at [C:\re\workspace\8-2-build-windows-amd64-cygwin\jdk8u60\4407\hotspot\src\share\vm\classfile\systemDictionary.cpŠãØÇ0 @
Event: 8.095 Thread 0x0000000018bed000 Exception <a 'java/lang/ClassNotFoundException': org/gradle/api/internal/tasks/DefaultSourceSetContainerCustomizer> (0x00000000eb56e868) thrown at [C:\re\workspace\8-2-build-windows-amd64-cygwin\jdk8u60\4407\hotspot\src\share\vm\classfile\systemDictionary.$õŽ	1 @
Event: 8.096 Thread 0x0000000018bed000 Exception <a 'java/lang/ClassNotFoundException': org/gradle/api/internal/tasks/DefaultSourceSetContainer_DecoratedCustomizer> (0x00000000eb59e270) thrown at [C:\re\workspace\8-2-build-windows-amd64-cygwin\jdk8u60\4407\hotspot\src\share\vm\classfile\systemDAIÉ3 @
Event: 8.100 Thread 0x0000000018bed000 Exception <a 'java/lang/ClassNotFoundException': org/gradle/api/tasks/SourceSetContainerBeanInfo> (0x00000000eb5ee038) thrown at [C:\re\workspace\8-2-build-windows-amd64-cygwin\jdk8u60\4407\hotspot\src\share\vm\classfile\systemDictionary.cpp, line 210]
Event: 8.100 Thread 0x0000000018bed000 Exception <a 'java/lang/ClassNotFoundException': org/gradle/api/tasks/SourceSetContainerCustomizer> (0x00000000eb606b60) thrown at [C:\re\workspace\8-2-build-windows-amd64-cygwin\jdk8u60\4407\hotspot\src\share\vm\classfile\systemDictionary.cpp, line 210]
Event: 8.102 Thread 0x0000000018bed000 Exception <a 'java/lang/ClassNotFoundException': java/lang/SystemBeanInfo> (0x00000000eb62f3d0) thrown at [C:\re\workspace\8-2-build-windows-amd64-cygwin\jdk8u60\4407\hotspot\src\share\vm\classfile\systemDictionary.cpp, line 210]
Event: 8.102 Thread 0x0000000018bed000 Exception <a 'java/lang/ClassNotFoundException': java/lang/SystemCustomizer> (0x00000000eb6341b8) thrown at [C:\re\workspace\8-2-build-windows-amd64-cygwin\jdk8u60\4407\hotspot\src\share\vm\classfile\systemDictionary.cpp, line 210]
Event: 8.120 Thread 0x0000000018bed000 Exception <a 'java/lang/ClassNotFoundException': com/intellij/openapi/externalSystem/model/DefaultExternalPluginBeanInfo> (0x00000000eb6f28b0) thrown at [C:\re\workspace\8-2-build-windows-amd64-cygwin\jdk8u60\4407\hotspot\src\share\vm\classfile\systemDictiÍeñmÄ= @
Event: 8.121 Thread 0x0000000018bed000 Exception <a 'java/lang/ClassNotFoundException': com/intellij/openapi/externalSystem/model/DefaultExternalPluginCustomizer> (0x00000000eb6ffde8) thrown at [C:\re\workspace\8-2-build-windows-amd64-cygwin\jdk8u60\4407\hotspot\src\share\vm\classfile\systemDicqƒ¯æ‚0 @

Events (10 events):
Event: 8.218 loading class com/android/build/gradle/internal/model/AndroidLibraryImpl
Event: 8.218 loading class com/android/build/gradle/internal/model/AndroidLibraryImpl done
Event: 8.218 loading class com/android/build/gradle/internal/model/LibraryImpl
Event: 8.218 loading class com/android/build/gradle/internal/model/LibraryImpl done
Event: 8.219 loading class com/android/build/gradle/internal/model/JavaLibraryImpl
Event: 8.219 loading class com/android/build/gradle/internal/model/JavaLibraryImpl done
Event: 8.219 loading class com/android/builder/model/JavaLibrary
Event: 8.219 loading class com/android/builder/model/JavaLibrary done
Event: 8.219 loading class com/android/build/gradle/internal/model/ModelBuilder$1
Event: 8.219 loading class com/android/build/gradle/internal/model/ModelBuilder$1 done


Dynamic libraries:
0x00007ff6d52c0000 - 0x00007ff6d52f7000 	C:\Program Files\Java\jdk1.8.0_60\bin\java.exe
0x00007ff8b77b0000 - 0x00007ff8b7971000 	C:\WINDOWS\SYSTEM32\ntdll.dll
0x00007ff8b7340000 - 0x00007ff8b73ed000 	C:\WINDOWS\system32\KERNEL32.DLL
0x00007ff8b4780000 - 0x00007ff8b4968000 	C:\WINDOWS\system32\KERNELBASE.dll
0x00007ff8b63a0000 - 0x00007ff8b6447000 	C:\WINDOWS\system32\ADVAPI32.dll
0x00007ff8b6d10000 - 0x00007ff8b6dad000 	C:\WINDOWS\system32\msvcrt.dll
0x00007ff8b6c70000 - 0x00007ff8b6ccb000 	C:\WINDOWS\system32\sechost.dll
0x00007ff8b6450000 - 0x00007ff8b656c000 	C:\WINDOWS\system32\RPCRT4.dll
0x00007ff8b69c0000 - 0x00007ff8b6b16000 	C:\WINDOWS\system32\USER32.dll
0x00007ff8b6f30000 - 0x00007ff8b70b6000 	C:\WINDOWS\system32\GDI32.dll
0x00007ff8ae0e0000 - 0x00007ff8ae354000 	C:\WINDOWS\WinSxS\amd64_microsoft.windows.common-controls_6595b64144ccf1df_6.0.10586.0_none_8c15ae12515e1c22\COMCTL32.dll
0x00007ff8b7450000 - 0x00007ff8b76cd000 	C:\WINDOWS\system32\combase.dll
0x00007ff8b3fb0000 - 0x00007ff8b401a000 	C:\WINDOWS\system32\bcryptPrimitives.dll
0x00007ff8b6cd0000 - 0x00007ff8b6d0b000 	C:\WINDOWS\system32\IMM32.DLL
0x0000000063c30000 - 0x0000000063d02000 	C:\Program Files\Java\jdk1.8.0_60\jre\bin\msvcr100.dll
0x00000000640b0000 - 0x0000000064939000 	C:\Program Files\Java\jdk1.8.0_60\jre\bin\server\jvm.dll
0x00007ff8b69b0000 - 0x00007ff8b69b8000 	C:\WINDOWS\system32\PSAPI.DLL
0x00007ff8b0270000 - 0x00007ff8b0279000 	C:\WINDOWS\SYSTEM32\WSOCK32.dll
0x00007ff8b0710000 - 0x00007ff8b071a000 	C:\WINDOWS\SYSTEM32\VERSION.dll
0x00007ff8ae960000 - 0x00007ff8ae983000 	C:\WINDOWS\SYSTEM32\WINMM.dll
0x00007ff8b7270000 - 0x00007ff8b72db000 	C:\WINDOWS\system32\WS2_32.dll
0x00000000020d0000 - 0x00000000020fc000 	C:\WINDOWS\SYSTEM32\WINMMBASE.dll
0x00007ff8b4b60000 - 0x00007ff8b4ba3000 	C:\WINDOWS\system32\cfgmgr32.dll
0x00000000640a0000 - 0x00000000640af000 	C:\Program Files\Java\jdk1.8.0_60\jre\bin\verify.dll
0x0000000064070000 - 0x0000000064099000 	C:\Program Files\Java\jdk1.8.0_60\jre\bin\java.dll
0x0000000064050000 - 0x0000000064066000 	C:\Program Files\Java\jdk1.8.0_60\jre\bin\zip.dll
0x00007ff8b4d70000 - 0x00007ff8b62cf000 	C:\WINDOWS\system32\SHELL32.dll
0x00007ff8b4020000 - 0x00007ff8b4664000 	C:\WINDOWS\system32\windows.storage.dll
0x00007ff8b73f0000 - 0x00007ff8b7442000 	C:\WINDOWS\system32\shlwapi.dll
0x00007ff8b3dd0000 - 0x00007ff8b3ddf000 	C:\WINDOWS\system32\kernel.appcore.dll
0x00007ff8b3e60000 - 0x00007ff8b3f15000 	C:\WINDOWS\system32\shcore.dll
0x00007ff8b3e00000 - 0x00007ff8b3e4b000 	C:\WINDOWS\system32\powrprof.dll
0x00007ff8b3de0000 - 0x00007ff8b3df4000 	C:\WINDOWS\system32\profapi.dll
0x0000000064030000 - 0x000000006404a000 	C:\Program Files\Java\jdk1.8.0_60\jre\bin\net.dll
0x00007ff8b3700000 - 0x00007ff8b375c000 	C:\WINDOWS\system32\mswsock.dll
0x0000000064010000 - 0x0000000064021000 	C:\Program Files\Java\jdk1.8.0_60\jre\bin\nio.dll
0x00007ff8acde0000 - 0x00007ff8acdf2000 	C:\Users\lprub\.gradle\native\19\windows-amd64\native-platform.dll
0x00007ff8aebf0000 - 0x00007ff8aec28000 	C:\WINDOWS\SYSTEM32\IPHLPAPI.DLL
0x00007ff8b6570000 - 0x00007ff8b6578000 	C:\WINDOWS\system32\NSI.dll
0x00007ff8aebd0000 - 0x00007ff8aebe6000 	C:\WINDOWS\SYSTEM32\dhcpcsvc6.DLL
0x00007ff8aeb70000 - 0x00007ff8aeb8a000 	C:\WINDOWS\SYSTEM32\dhcpcsvc.DLL
0x00007ff8b37b0000 - 0x00007ff8b37c7000 	C:\WINDOWS\SYSTEM32\CRYPTSP.dll
0x00007ff8b3440000 - 0x00007ff8b3474000 	C:\WINDOWS\system32\rsaenh.dll
0x00007ff8b39d0000 - 0x00007ff8b39f9000 	C:\WINDOWS\SYSTEM32\bcrypt.dll
0x00007ff8b3590000 - 0x00007ff8b35af000 	C:\WINDOWS\SYSTEM32\USERENV.dll
0x00007ff8b38d0000 - 0x00007ff8b38db000 	C:\WINDOWS\SYSTEM32\CRYPTBASE.dll
0x0000000063e10000 - 0x0000000063e1d000 	C:\Program Files\Java\jdk1.8.0_60\jre\bin\management.dll

VM Arguments:
jvm_args: -XX:MaxPermSize=256m -XX:+HeapDumpOnOutOfMemoryError -Xmx1024m -Dfile.encoding=windows-1252 -Duser.country=ES -Duser.language=es -Duser.variant 
java_command: org.gradle.launcher.daemon.bootstrap.GradleDaemon 2.8
java_class_path (initial): C:\Users\lprub\.gradle\wrapper\dists\gradle-2.8-all\ah86jmo43de9lfa8xg9ux3c4h\gradle-2.8\lib\gradle-launcher-2.8.jar
Launcher Type: SUN_STANDARD

Environment Variables:
PATH=C:\ProgramData\Oracle\Java\javapath;C:\Program Files (x86)\Intel\iCLS Client\;C:\Program Files\Intel\iCLS Client\;C:\WINDOWS\system32;C:\WINDOWS;C:\WINDOWS\System32\Wbem;C:\WINDOWS\System32\WindowsPowerShell\v1.0\;C:\Program Files (x86)\NVIDIA Corporation\PhysX\Common;C:\Program Files (x86)\Intel\Intel(R) Management Engine Components\DAL;C:\Program Files\Intel\Intel(R) Management Engine Components\DAL;C:\Program Files (x86)\Intel\Intel(R) Management Engine Components\IPT;C:\Program Files\Intel\Intel(R) Management Engine Components\IPT;C:\Program Files (x86)\Brackets\command;C:\Program Files (x86)\Skype\Phone\;%SystemRoot%\system32;%SystemRoot%;%SystemRoot%\System32\Wbem;%SYSTEMROOT%\System32\WindowsPowerShell\v1.0\
USERNAME=lprub
OS=Windows_NT
PROCESSOR_IDENTIFIER=Intel64 Family 6 Model 60 Stepping 3, GenuineIntel



---------------  S Y S T E M  ---------------

OS: Windows 10.0 , 64 bit Build 10586 (10.0.10586.0)

CPU:total 8 (4 cores per cpu, 2 threads per core) family 6 model 60 stepping 3, cmov, cx8, fxsr, mmx, sse, sse2, sse3, ssse3, sse4.1, sse4.2, popcnt, avx, avx2, aes, clmul, erms, lzcnt, ht, tsc, tscinvbit, bmi1, bmi2

Memory: 4k page, physical 8314240k(1875608k free), swap 9195088k(22672k free)

vm_info: Java HotSpot(TM) 64-Bit Server VM (25.60-b23) for windows-amd64 JRE (1.8.0_60-b27), built on Aug  4 2015 11:06:27 by "java_re" with MS VC++ 10.0 (VS2010)

time: Sat Jan 30 17:54:59 2016
elapsed time: 8 seconds (0d 0h 0m 8s)

