#
# There is insufficient memory for the Java Runtime Environment to continue.
# Native memory allocation (malloc) failed to allocate 436256 bytes for Chunk::new
# Possible reasons:
#   The system is out of physical RAM or swap space
#   In 32 bit mode, the process size limit was hit
# Possible solutions:
#   Reduce memory load on the system
#   Increase physical memory or swap space
#   Check if swap backing store is full
#   Use 64 bit Java on a 64 bit OS
#   Decrease Java heap size (-Xmx/-Xms)
#   Decrease number of Java threads
#   Decrease Java thread stack sizes (-Xss)
#   Set larger code cache with -XX:ReservedCodeCacheSize=
# This output file may be truncated or incomplete.
#
#  Out of Memory Error (allocation.cpp:390), pid=3168, tid=7492
#
# JRE version: Java(TM) SE Runtime Environment (8.0_60-b27) (build 1.8.0_60-b27)
# Java VM: Java HotSpot(TM) 64-Bit Server VM (25.60-b23 mixed mode windows-amd64 compressed oops)
# Failed to write core dump. Minidumps are not enabled by default on client versions of Windows
#

---------------  T H R E A D  ---------------

Current thread (0x0000000017029000):  JavaThread "C2 CompilerThread0" daemon [_thread_in_native, id=7492, stack(0x0000000017600000,0x0000000017700000)]

Stack: [0x0000000017600000,0x0000000017700000]
[error occurred during error reporting (printing stack bounds), id 0xc0000005]

Native frames: (J=compiled Java code, j=interpreted, Vv=VM code, C=native code)


Current CompileTask:
C2:4392120 9398       4       com.sun.tools.javac.code.Types$13::visitClassType (144 bytes)


---------------  P R O C E S S  ---------------

Java Threads: ( => current thread )
  0x000000001f889000 JavaThread "Stdin handler" [_thread_blocked, id=2264, stack(0x00000000234b0000,0x00000000235b0000)]
  0x000000001f888000 JavaThread "Daemon worker Thread 2" [_thread_in_Java, id=7088, stack(0x00000000233b0000,0x00000000234b0000)]
  0x000000001f887800 JavaThread "Cancel handler" [_thread_blocked, id=9368, stack(0x00000000232b0000,0x00000000233b0000)]
  0x000000001f885000 JavaThread "Handler for socket connection from /127.0.0.1:54344 to /127.0.0.1:56123" [_thread_in_native, id=3936, stack(0x00000000231b0000,0x00000000232b0000)]
  0x000000001f884800 JavaThread "Daemon Thread 2" [_thread_blocked, id=6244, stack(0x00000000230b0000,0x00000000231b0000)]
  0x0000000018ba2000 JavaThread "File lock request listener" [_thread_in_native, id=5608, stack(0x000000001a080000,0x000000001a180000)]
  0x00000000189e2800 JavaThread "Incoming local TCP Connector on port 54344" [_thread_in_native, id=3804, stack(0x0000000018400000,0x0000000018500000)]
  0x0000000017055000 JavaThread "Service Thread" daemon [_thread_blocked, id=7840, stack(0x0000000017a00000,0x0000000017b00000)]
  0x0000000017041800 JavaThread "C1 CompilerThread3" daemon [_thread_in_native, id=6764, stack(0x0000000017900000,0x0000000017a00000)]
  0x0000000017033800 JavaThread "C2 CompilerThread2" daemon [_thread_blocked, id=5408, stack(0x0000000017800000,0x0000000017900000)]
  0x0000000017030800 JavaThread "C2 CompilerThread1" daemon [_thread_in_vm, id=5156, stack(0x0000000017700000,0x0000000017800000)]
=>0x0000000017029000 JavaThread "C2 CompilerThread0" daemon [_thread_in_native, id=7492, stack(0x0000000017600000,0x0000000017700000)]
  0x0000000017028000 JavaThread "Attach Listener" daemon [_thread_blocked, id=8480, stack(0x0000000017500000,0x0000000017600000)]
  0x0000000017025000 JavaThread "Signal Dispatcher" daemon [_thread_blocked, id=8000, stack(0x0000000017400000,0x0000000017500000)]
  0x00000000023fb000 JavaThread "Finalizer" daemon [_thread_blocked, id=4984, stack(0x0000000016e00000,0x0000000016f00000)]
  0x00000000023f4000 JavaThread "Reference Handler" daemon [_thread_blocked, id=9188, stack(0x0000000016d00000,0x0000000016e00000)]
  0x00000000021fe000 JavaThread "main" [_thread_blocked, id=100, stack(0x0000000002200000,0x0000000002300000)]

Other Threads:
  0x0000000014f19800 VMThread [stack: 0x0000000016c00000,0x0000000016d00000] [id=8940]
  0x000000001705b000 WatcherThread [stack: 0x0000000017b00000,0x0000000017c00000] [id=8944]

VM state:not at safepoint (normal execution)

VM Mutex/Monitor currently owned by a thread: None

Heap:
 PSYoungGen      total 181248K, used 92109K [0x00000000eab00000, 0x00000000f9200000, 0x0000000100000000)
  eden space 162304K, 45% used [0x00000000eab00000,0x00000000ef2e50f0,0x00000000f4980000)
  from space 18944K, 97% used [0x00000000f7f80000,0x00000000f918e508,0x00000000f9200000)
  to   space 23552K, 0% used [0x00000000f6400000,0x00000000f6400000,0x00000000f7b00000)
 ParOldGen       total 106496K, used 38341K [0x00000000c0000000, 0x00000000c6800000, 0x00000000eab00000)
  object space 106496K, 36% used [0x00000000c0000000,0x00000000c2571670,0x00000000c6800000)
 Metaspace       used 52916K, capacity 55522K, committed 55680K, reserved 1097728K
  class space    used 7167K, capacity 7727K, committed 7808K, reserved 1048576K

Card table byte_map: [0x00000000117c0000,0x00000000119d0000] byte_map_base: 0x00000000111c0000

Marking Bits: (ParMarkBitMap*) 0x000000006834a5b0
 Begin Bits: [0x0000000012330000, 0x0000000013330000)
 End Bits:   [0x0000000013330000, 0x0000000014330000)

Polling page: 0x0000000000430000

CodeCache: size=245760Kb used=30215Kb max_used=30215Kb free=215544Kb
 bounds [0x0000000002400000, 0x00000000041b0000, 0x0000000011400000]
 total_blobs=8702 nmethods=7993 adapters=620
 compilation: enabled

Compilation events (10 events):
Event: 4391.839 Thread 0x0000000017041800 nmethod 9412 0x0000000004196910 code [0x0000000004196a60, 0x0000000004196c50]
Event: 4391.839 Thread 0x0000000017041800 9413       3       com.sun.tools.javac.code.Scope$4::iterator (9 bytes)
Event: 4391.839 Thread 0x0000000017041800 nmethod 9413 0x0000000004196510 code [0x0000000004196680, 0x0000000004196868]
Event: 4391.839 Thread 0x0000000017041800 9414       3       com.sun.tools.javac.code.Scope$4$1::<init> (38 bytes)
Event: 4391.840 Thread 0x0000000017041800 nmethod 9414 0x0000000004197dd0 code [0x0000000004197f40, 0x0000000004198208]
Event: 4391.840 Thread 0x0000000017041800 9415       3       com.sun.tools.javac.jvm.ClassReader::readPool (504 bytes)
Event: 4391.841 Thread 0x0000000017041800 nmethod 9415 0x0000000004198310 code [0x0000000004198900, 0x000000000419c508]
Event: 4391.841 Thread 0x0000000017041800 9416   !   3       com.sun.tools.javac.jvm.ClassReader::readMethod (365 bytes)
Event: 4391.842 Thread 0x0000000017041800 nmethod 9416 0x000000000419f090 code [0x000000000419f440, 0x00000000041a1318]
Event: 4391.842 Thread 0x0000000017041800 9417       3       com.sun.tools.javac.jvm.ClassReader::readClassSymbol (55 bytes)

GC Heap History (10 events):
Event: 5.624 GC heap before
{Heap before GC invocations=13 (full 2):
 PSYoungGen      total 182784K, used 98578K [0x00000000eab00000, 0x00000000f7300000, 0x0000000100000000)
  eden space 166912K, 49% used [0x00000000eab00000,0x00000000efbc8fe0,0x00000000f4e00000)
  from space 15872K, 99% used [0x00000000f6200000,0x00000000f717ba00,0x00000000f7180000)
  to   space 18944K, 0% used [0x00000000f4e00000,0x00000000f4e00000,0x00000000f6080000)
 ParOldGen       total 106496K, used 21925K [0x00000000c0000000, 0x00000000c6800000, 0x00000000eab00000)
  object space 106496K, 20% used [0x00000000c0000000,0x00000000c1569470,0x00000000c6800000)
 Metaspace       used 42743K, capacity 44330K, committed 44544K, reserved 1087488K
  class space    used 5950K, capacity 6348K, committed 6400K, reserved 1048576K
Event: 5.637 GC heap after
Heap after GC invocations=13 (full 2):
 PSYoungGen      total 185856K, used 18936K [0x00000000eab00000, 0x00000000f7b00000, 0x0000000100000000)
  eden space 166912K, 0% used [0x00000000eab00000,0x00000000eab00000,0x00000000f4e00000)
  from space 18944K, 99% used [0x00000000f4e00000,0x00000000f607e310,0x00000000f6080000)
  to   space 23040K, 0% used [0x00000000f6480000,0x00000000f6480000,0x00000000f7b00000)
 ParOldGen       total 106496K, used 25334K [0x00000000c0000000, 0x00000000c6800000, 0x00000000eab00000)
  object space 106496K, 23% used [0x00000000c0000000,0x00000000c18bd990,0x00000000c6800000)
 Metaspace       used 42743K, capacity 44330K, committed 44544K, reserved 1087488K
  class space    used 5950K, capacity 6348K, committed 6400K, reserved 1048576K
}
Event: 5.637 GC heap before
{Heap before GC invocations=14 (full 3):
 PSYoungGen      total 185856K, used 18936K [0x00000000eab00000, 0x00000000f7b00000, 0x0000000100000000)
  eden space 166912K, 0% used [0x00000000eab00000,0x00000000eab00000,0x00000000f4e00000)
  from space 18944K, 99% used [0x00000000f4e00000,0x00000000f607e310,0x00000000f6080000)
  to   space 23040K, 0% used [0x00000000f6480000,0x00000000f6480000,0x00000000f7b00000)
 ParOldGen       total 106496K, used 25334K [0x00000000c0000000, 0x00000000c6800000, 0x00000000eab00000)
  object space 106496K, 23% used [0x00000000c0000000,0x00000000c18bd990,0x00000000c6800000)
 Metaspace       used 42743K, capacity 44330K, committed 44544K, reserved 1087488K
  class space    used 5950K, capacity 6348K, committed 6400K, reserved 1048576K
Event: 5.777 GC heap after
Heap after GC invocations=14 (full 3):
 PSYoungGen      total 185856K, used 0K [0x00000000eab00000, 0x00000000f7b00000, 0x0000000100000000)
  eden space 166912K, 0% used [0x00000000eab00000,0x00000000eab00000,0x00000000f4e00000)
  from space 18944K, 0% used [0x00000000f4e00000,0x00000000f4e00000,0x00000000f6080000)
  to   space 23040K, 0% used [0x00000000f6480000,0x00000000f6480000,0x00000000f7b00000)
 ParOldGen       total 106496K, used 38317K [0x00000000c0000000, 0x00000000c6800000, 0x00000000eab00000)
  object space 106496K, 35% used [0x00000000c0000000,0x00000000c256b670,0x00000000c6800000)
 Metaspace       used 42743K, capacity 44330K, committed 44544K, reserved 1087488K
  class space    used 5950K, capacity 6348K, committed 6400K, reserved 1048576K
}
Event: 18.430 GC heap before
{Heap before GC invocations=15 (full 3):
 PSYoungGen      total 185856K, used 166912K [0x00000000eab00000, 0x00000000f7b00000, 0x0000000100000000)
  eden space 166912K, 100% used [0x00000000eab00000,0x00000000f4e00000,0x00000000f4e00000)
  from space 18944K, 0% used [0x00000000f4e00000,0x00000000f4e00000,0x00000000f6080000)
  to   space 23040K, 0% used [0x00000000f6480000,0x00000000f6480000,0x00000000f7b00000)
 ParOldGen       total 106496K, used 38317K [0x00000000c0000000, 0x00000000c6800000, 0x00000000eab00000)
  object space 106496K, 35% used [0x00000000c0000000,0x00000000c256b670,0x00000000c6800000)
 Metaspace       used 45261K, capacity 47118K, committed 47232K, reserved 1089536K
  class space    used 6250K, capacity 6690K, committed 6784K, reserved 1048576K
Event: 18.460 GC heap after
Heap after GC invocations=15 (full 3):
 PSYoungGen      total 190464K, used 5040K [0x00000000eab00000, 0x00000000f9980000, 0x0000000100000000)
  eden space 167424K, 0% used [0x00000000eab00000,0x00000000eab00000,0x00000000f4e80000)
  from space 23040K, 21% used [0x00000000f6480000,0x00000000f696c020,0x00000000f7b00000)
  to   space 22528K, 0% used [0x00000000f4e80000,0x00000000f4e80000,0x00000000f6480000)
 ParOldGen       total 106496K, used 38325K [0x00000000c0000000, 0x00000000c6800000, 0x00000000eab00000)
  object space 106496K, 35% used [0x00000000c0000000,0x00000000c256d670,0x00000000c6800000)
 Metaspace       used 45261K, capacity 47118K, committed 47232K, reserved 1089536K
  class space    used 6250K, capacity 6690K, committed 6784K, reserved 1048576K
}
Event: 20.987 GC heap before
{Heap before GC invocations=16 (full 3):
 PSYoungGen      total 190464K, used 172464K [0x00000000eab00000, 0x00000000f9980000, 0x0000000100000000)
  eden space 167424K, 100% used [0x00000000eab00000,0x00000000f4e80000,0x00000000f4e80000)
  from space 23040K, 21% used [0x00000000f6480000,0x00000000f696c020,0x00000000f7b00000)
  to   space 22528K, 0% used [0x00000000f4e80000,0x00000000f4e80000,0x00000000f6480000)
 ParOldGen       total 106496K, used 38325K [0x00000000c0000000, 0x00000000c6800000, 0x00000000eab00000)
  object space 106496K, 35% used [0x00000000c0000000,0x00000000c256d670,0x00000000c6800000)
 Metaspace       used 46227K, capacity 48504K, committed 48640K, reserved 1091584K
  class space    used 6344K, capacity 6827K, committed 6912K, reserved 1048576K
Event: 20.998 GC heap after
Heap after GC invocations=16 (full 3):
 PSYoungGen      total 189952K, used 8713K [0x00000000eab00000, 0x00000000f9400000, 0x0000000100000000)
  eden space 167424K, 0% used [0x00000000eab00000,0x00000000eab00000,0x00000000f4e80000)
  from space 22528K, 38% used [0x00000000f4e80000,0x00000000f5702720,0x00000000f6480000)
  to   space 20992K, 0% used [0x00000000f7f80000,0x00000000f7f80000,0x00000000f9400000)
 ParOldGen       total 106496K, used 38333K [0x00000000c0000000, 0x00000000c6800000, 0x00000000eab00000)
  object space 106496K, 35% used [0x00000000c0000000,0x00000000c256f670,0x00000000c6800000)
 Metaspace       used 46227K, capacity 48504K, committed 48640K, reserved 1091584K
  class space    used 6344K, capacity 6827K, committed 6912K, reserved 1048576K
}
Event: 4388.894 GC heap before
{Heap before GC invocations=17 (full 3):
 PSYoungGen      total 189952K, used 176137K [0x00000000eab00000, 0x00000000f9400000, 0x0000000100000000)
  eden space 167424K, 100% used [0x00000000eab00000,0x00000000f4e80000,0x00000000f4e80000)
  from space 22528K, 38% used [0x00000000f4e80000,0x00000000f5702720,0x00000000f6480000)
  to   space 20992K, 0% used [0x00000000f7f80000,0x00000000f7f80000,0x00000000f9400000)
 ParOldGen       total 106496K, used 38333K [0x00000000c0000000, 0x00000000c6800000, 0x00000000eab00000)
  object space 106496K, 35% used [0x00000000c0000000,0x00000000c256f670,0x00000000c6800000)
 Metaspace       used 47742K, capacity 50330K, committed 50432K, reserved 1093632K
  class space    used 6513K, capacity 7084K, committed 7168K, reserved 1048576K
Event: 4388.953 GC heap after
Heap after GC invocations=17 (full 3):
 PSYoungGen      total 181248K, used 18489K [0x00000000eab00000, 0x00000000f9200000, 0x0000000100000000)
  eden space 162304K, 0% used [0x00000000eab00000,0x00000000eab00000,0x00000000f4980000)
  from space 18944K, 97% used [0x00000000f7f80000,0x00000000f918e508,0x00000000f9200000)
  to   space 23552K, 0% used [0x00000000f6400000,0x00000000f6400000,0x00000000f7b00000)
 ParOldGen       total 106496K, used 38341K [0x00000000c0000000, 0x00000000c6800000, 0x00000000eab00000)
  object space 106496K, 36% used [0x00000000c0000000,0x00000000c2571670,0x00000000c6800000)
 Metaspace       used 47742K, capacity 50330K, committed 50432K, reserved 1093632K
  class space    used 6513K, capacity 7084K, committed 7168K, reserved 1048576K
}

Deoptimization events (10 events):
Event: 4391.782 Thread 0x000000001f888000 Uncommon trap: reason=bimorphic action=maybe_recompile pc=0x000000000411dd94 method=com.sun.tools.javac.code.Scope.lookup(Lcom/sun/tools/javac/util/Name;Lcom/sun/tools/javac/util/Filter;)Lcom/sun/tools/javac/code/Scope$Entry; @ 49
Event: 4391.782 Thread 0x000000001f888000 Uncommon trap: reason=bimorphic action=maybe_recompile pc=0x000000000411dd94 method=com.sun.tools.javac.code.Scope.lookup(Lcom/sun/tools/javac/util/Name;Lcom/sun/tools/javac/util/Filter;)Lcom/sun/tools/javac/code/Scope$Entry; @ 49
Event: 4391.782 Thread 0x000000001f888000 Uncommon trap: reason=bimorphic action=maybe_recompile pc=0x000000000411dd94 method=com.sun.tools.javac.code.Scope.lookup(Lcom/sun/tools/javac/util/Name;Lcom/sun/tools/javac/util/Filter;)Lcom/sun/tools/javac/code/Scope$Entry; @ 49
Event: 4391.785 Thread 0x000000001f888000 Uncommon trap: reason=unloaded action=reinterpret pc=0x00000000040d3a50 method=com.sun.tools.javac.jvm.ClassReader.readPool(I)Ljava/lang/Object; @ 413
Event: 4391.798 Thread 0x000000001f888000 Uncommon trap: reason=bimorphic action=maybe_recompile pc=0x0000000004118bd4 method=com.sun.tools.javac.tree.JCTree$JCVariableDecl.accept(Lcom/sun/tools/javac/tree/JCTree$Visitor;)V @ 2
Event: 4391.798 Thread 0x000000001f888000 Uncommon trap: reason=bimorphic action=maybe_recompile pc=0x0000000004118bd4 method=com.sun.tools.javac.tree.JCTree$JCVariableDecl.accept(Lcom/sun/tools/javac/tree/JCTree$Visitor;)V @ 2
Event: 4391.798 Thread 0x000000001f888000 Uncommon trap: reason=unstable_if action=reinterpret pc=0x000000000412bae4 method=com.sun.tools.javac.comp.MemberEnter.initEnv(Lcom/sun/tools/javac/tree/JCTree$JCVariableDecl;Lcom/sun/tools/javac/comp/Env;)Lcom/sun/tools/javac/comp/Env; @ 90
Event: 4391.799 Thread 0x000000001f888000 Uncommon trap: reason=bimorphic action=maybe_recompile pc=0x0000000004118bd4 method=com.sun.tools.javac.tree.JCTree$JCVariableDecl.accept(Lcom/sun/tools/javac/tree/JCTree$Visitor;)V @ 2
Event: 4391.805 Thread 0x000000001f888000 Uncommon trap: reason=bimorphic action=maybe_recompile pc=0x0000000004118bd4 method=com.sun.tools.javac.tree.JCTree$JCVariableDecl.accept(Lcom/sun/tools/javac/tree/JCTree$Visitor;)V @ 2
Event: 4391.840 Thread 0x000000001f888000 Uncommon trap: reason=class_check action=maybe_recompile pc=0x000000000417f7d4 method=com.sun.tools.javac.code.Types$18.visitClassType(Lcom/sun/tools/javac/code/Type$ClassType;Ljava/lang/Void;)Lcom/sun/tools/javac/code/Type; @ 19

Internal exceptions (10 events):
Event: 19.701 Thread 0x0000000018c54800 Exception <a 'java/lang/ClassNotFoundException': com/intellij/openapi/externalSystem/model/DefaultExternalPluginBeanInfo> (0x00000000f1d46220) thrown at [C:\re\workspace\8-2-build-windows-amd64-cygwin\jdk8u60\4407\hotspot\src\share\vm\classfile\systemDictiìØÿÏÖ≥3@
Event: 19.701 Thread 0x0000000018c54800 Exception <a 'java/lang/ClassNotFoundException': com/intellij/openapi/externalSystem/model/DefaultExternalPluginCustomizer> (0x00000000f1d520b8) thrown at [C:\re\workspace\8-2-build-windows-amd64-cygwin\jdk8u60\4407\hotspot\src\share\vm\classfile\systemDic◊n&¥¡4@
Event: 20.756 Thread 0x0000000018c54800 Exception <a 'java/lang/ClassNotFoundException': asLocalRepo34_arahjgaq1yqih4mlkn78fayjpBeanInfo> (0x00000000f20bc438) thrown at [C:\re\workspace\8-2-build-windows-amd64-cygwin\jdk8u60\4407\hotspot\src\share\vm\classfile\systemDictionary.cpp, line 210]
Event: 20.756 Thread 0x0000000018c54800 Exception <a 'java/lang/ClassNotFoundException': asLocalRepo34_arahjgaq1yqih4mlkn78fayjpCustomizer> (0x00000000f20c58f8) thrown at [C:\re\workspace\8-2-build-windows-amd64-cygwin\jdk8u60\4407\hotspot\src\share\vm\classfile\systemDictionary.cpp, line 210]
Event: 4385.466 Thread 0x000000001f888000 Exception <a 'java/lang/ClassNotFoundException': asLocalRepo35_c59dyyhpxxmv5tvfnn6rabzaqBeanInfo> (0x00000000eefa4e70) thrown at [C:\re\workspace\8-2-build-windows-amd64-cygwin\jdk8u60\4407\hotspot\src\share\vm\classfile\systemDictionary.cpp, line 210]
Event: 4385.468 Thread 0x000000001f888000 Exception <a 'java/lang/ClassNotFoundException': asLocalRepo35_c59dyyhpxxmv5tvfnn6rabzaqCustomizer> (0x00000000eefae330) thrown at [C:\re\workspace\8-2-build-windows-amd64-cygwin\jdk8u60\4407\hotspot\src\share\vm\classfile\systemDictionary.cpp, line 210]
Event: 4386.875 Thread 0x000000001f888000 Exception <a 'java/lang/ClassNotFoundException': org/gradle/api/internal/file/collections/DefaultConfigurableFileCollectionBeanInfo> (0x00000000f3003e58) thrown at [C:\re\workspace\8-2-build-windows-amd64-cygwin\jdk8u60\4407\hotspot\src\share\vm\classfile\ÅJŒ‡"±@
Event: 4386.875 Thread 0x000000001f888000 Exception <a 'java/lang/ClassNotFoundException': org/gradle/api/internal/file/collections/DefaultConfigurableFileCollectionCustomizer> (0x00000000f3017938) thrown at [C:\re\workspace\8-2-build-windows-amd64-cygwin\jdk8u60\4407\hotspot\src\share\vm\classfilì∂†kÊ"±@
Event: 4386.900 Thread 0x000000001f888000 Implicit null exception at 0x00000000032494ac to 0x000000000324a901
Event: 4391.153 Thread 0x000000001f888000 Implicit null exception at 0x0000000003e09773 to 0x0000000003e0b955

Events (10 events):
Event: 4391.834 loading class com/sun/tools/javac/jvm/ClassWriter$1 done
Event: 4391.834 loading class com/sun/tools/javac/code/Attribute$RetentionPolicy
Event: 4391.834 loading class com/sun/tools/javac/code/Attribute$RetentionPolicy done
Event: 4391.835 loading class com/sun/tools/javac/jvm/ClassFile$NameAndType
Event: 4391.835 loading class com/sun/tools/javac/jvm/ClassFile$NameAndType done
Event: 4391.840 Thread 0x000000001f888000 Uncommon trap: trap_request=0xffffffde fr.pc=0x000000000417f7d4
Event: 4391.840 Thread 0x000000001f888000 DEOPT PACKING pc=0x000000000417f7d4 sp=0x00000000234aa970
Event: 4391.840 Thread 0x000000001f888000 DEOPT UNPACKING pc=0x000000000244582a sp=0x00000000234aa918 mode 2
Event: 4391.842 loading class com/sun/tools/javac/code/Types$TypePair
Event: 4391.842 loading class com/sun/tools/javac/code/Types$TypePair done


Dynamic libraries:
0x00007ff750430000 - 0x00007ff750467000 	C:\Program Files\Java\jdk1.8.0_60\bin\java.exe
0x00007ff853850000 - 0x00007ff853a11000 	C:\WINDOWS\SYSTEM32\ntdll.dll
0x00007ff851bb0000 - 0x00007ff851c5d000 	C:\WINDOWS\system32\KERNEL32.DLL
0x00007ff84ff70000 - 0x00007ff850158000 	C:\WINDOWS\system32\KERNELBASE.dll
0x00007ff853530000 - 0x00007ff8535d7000 	C:\WINDOWS\system32\ADVAPI32.dll
0x00007ff851890000 - 0x00007ff85192d000 	C:\WINDOWS\system32\msvcrt.dll
0x00007ff850e70000 - 0x00007ff850ecb000 	C:\WINDOWS\system32\sechost.dll
0x00007ff8515c0000 - 0x00007ff8516dc000 	C:\WINDOWS\system32\RPCRT4.dll
0x00007ff851c60000 - 0x00007ff851db6000 	C:\WINDOWS\system32\USER32.dll
0x00007ff8535e0000 - 0x00007ff853766000 	C:\WINDOWS\system32\GDI32.dll
0x00007ff84c640000 - 0x00007ff84c8b4000 	C:\WINDOWS\WinSxS\amd64_microsoft.windows.common-controls_6595b64144ccf1df_6.0.10586.0_none_8c15ae12515e1c22\COMCTL32.dll
0x00007ff851930000 - 0x00007ff851bad000 	C:\WINDOWS\system32\combase.dll
0x00007ff84ff00000 - 0x00007ff84ff6a000 	C:\WINDOWS\system32\bcryptPrimitives.dll
0x00007ff851850000 - 0x00007ff85188b000 	C:\WINDOWS\system32\IMM32.DLL
0x00000000676c0000 - 0x0000000067792000 	C:\Program Files\Java\jdk1.8.0_60\jre\bin\msvcr100.dll
0x0000000067b40000 - 0x00000000683c9000 	C:\Program Files\Java\jdk1.8.0_60\jre\bin\server\jvm.dll
0x00007ff851840000 - 0x00007ff851848000 	C:\WINDOWS\system32\PSAPI.DLL
0x00007ff845250000 - 0x00007ff845259000 	C:\WINDOWS\SYSTEM32\WSOCK32.dll
0x00007ff84dde0000 - 0x00007ff84de03000 	C:\WINDOWS\SYSTEM32\WINMM.dll
0x00007ff84c960000 - 0x00007ff84c96a000 	C:\WINDOWS\SYSTEM32\VERSION.dll
0x00007ff851e30000 - 0x00007ff851e9b000 	C:\WINDOWS\system32\WS2_32.dll
0x0000000002160000 - 0x000000000218c000 	C:\WINDOWS\SYSTEM32\WINMMBASE.dll
0x00007ff850c00000 - 0x00007ff850c43000 	C:\WINDOWS\system32\cfgmgr32.dll
0x0000000067b30000 - 0x0000000067b3f000 	C:\Program Files\Java\jdk1.8.0_60\jre\bin\verify.dll
0x0000000067b00000 - 0x0000000067b29000 	C:\Program Files\Java\jdk1.8.0_60\jre\bin\java.dll
0x0000000067ae0000 - 0x0000000067af6000 	C:\Program Files\Java\jdk1.8.0_60\jre\bin\zip.dll
0x00007ff851fd0000 - 0x00007ff85352f000 	C:\WINDOWS\system32\SHELL32.dll
0x00007ff850330000 - 0x00007ff850974000 	C:\WINDOWS\system32\windows.storage.dll
0x00007ff8537e0000 - 0x00007ff853832000 	C:\WINDOWS\system32\shlwapi.dll
0x00007ff84fef0000 - 0x00007ff84feff000 	C:\WINDOWS\system32\kernel.appcore.dll
0x00007ff850270000 - 0x00007ff850325000 	C:\WINDOWS\system32\shcore.dll
0x00007ff84fea0000 - 0x00007ff84feeb000 	C:\WINDOWS\system32\powrprof.dll
0x00007ff84fe70000 - 0x00007ff84fe84000 	C:\WINDOWS\system32\profapi.dll
0x0000000067ac0000 - 0x0000000067ada000 	C:\Program Files\Java\jdk1.8.0_60\jre\bin\net.dll
0x00007ff84f7a0000 - 0x00007ff84f7fc000 	C:\WINDOWS\system32\mswsock.dll
0x0000000067aa0000 - 0x0000000067ab1000 	C:\Program Files\Java\jdk1.8.0_60\jre\bin\nio.dll
0x00007ff8401a0000 - 0x00007ff8401b2000 	C:\Users\lprub\.gradle\native\19\windows-amd64\native-platform.dll
0x00007ff8497a0000 - 0x00007ff8497d8000 	C:\WINDOWS\SYSTEM32\IPHLPAPI.DLL
0x00007ff853840000 - 0x00007ff853848000 	C:\WINDOWS\system32\NSI.dll
0x00007ff8491f0000 - 0x00007ff849206000 	C:\WINDOWS\SYSTEM32\dhcpcsvc6.DLL
0x00007ff849130000 - 0x00007ff84914a000 	C:\WINDOWS\SYSTEM32\dhcpcsvc.DLL
0x00007ff84f850000 - 0x00007ff84f867000 	C:\WINDOWS\SYSTEM32\CRYPTSP.dll
0x00007ff84f4e0000 - 0x00007ff84f514000 	C:\WINDOWS\system32\rsaenh.dll
0x00007ff84fa70000 - 0x00007ff84fa99000 	C:\WINDOWS\SYSTEM32\bcrypt.dll
0x00007ff84f630000 - 0x00007ff84f64f000 	C:\WINDOWS\SYSTEM32\USERENV.dll
0x00007ff84f970000 - 0x00007ff84f97b000 	C:\WINDOWS\SYSTEM32\CRYPTBASE.dll
0x00000000678a0000 - 0x00000000678ad000 	C:\Program Files\Java\jdk1.8.0_60\jre\bin\management.dll

VM Arguments:
jvm_args: -XX:MaxPermSize=256m -XX:+HeapDumpOnOutOfMemoryError -Xmx1024m -Dfile.encoding=windows-1252 -Duser.country=ES -Duser.language=es -Duser.variant 
java_command: org.gradle.launcher.daemon.bootstrap.GradleDaemon 2.8
java_class_path (initial): C:\Users\lprub\.gradle\wrapper\dists\gradle-2.8-all\ah86jmo43de9lfa8xg9ux3c4h\gradle-2.8\lib\gradle-launcher-2.8.jar
Launcher Type: SUN_STANDARD

Environment Variables:
PATH=C:\ProgramData\Oracle\Java\javapath;C:\Program Files (x86)\Intel\iCLS Client\;C:\Program Files\Intel\iCLS Client\;C:\WINDOWS\system32;C:\WINDOWS;C:\WINDOWS\System32\Wbem;C:\WINDOWS\System32\WindowsPowerShell\v1.0\;C:\Program Files (x86)\NVIDIA Corporation\PhysX\Common;C:\Program Files (x86)\Intel\Intel(R) Management Engine Components\DAL;C:\Program Files\Intel\Intel(R) Management Engine Components\DAL;C:\Program Files (x86)\Intel\Intel(R) Management Engine Components\IPT;C:\Program Files\Intel\Intel(R) Management Engine Components\IPT;C:\Program Files (x86)\Brackets\command;C:\Program Files (x86)\Skype\Phone\;%SystemRoot%\system32;%SystemRoot%;%SystemRoot%\System32\Wbem;%SYSTEMROOT%\System32\WindowsPowerShell\v1.0\
USERNAME=lprub
OS=Windows_NT
PROCESSOR_IDENTIFIER=Intel64 Family 6 Model 60 Stepping 3, GenuineIntel



---------------  S Y S T E M  ---------------

OS: Windows 10.0 , 64 bit Build 10586 (10.0.10586.0)

CPU:total 8 (4 cores per cpu, 2 threads per core) family 6 model 60 stepping 3, cmov, cx8, fxsr, mmx, sse, sse2, sse3, ssse3, sse4.1, sse4.2, popcnt, avx, avx2, aes, clmul, erms, lzcnt, ht, tsc, tscinvbit, bmi1, bmi2

Memory: 4k page, physical 8314240k(464844k free), swap 9362816k(24k free)

vm_info: Java HotSpot(TM) 64-Bit Server VM (25.60-b23) for windows-amd64 JRE (1.8.0_60-b27), built on Aug  4 2015 11:06:27 by "java_re" with MS VC++ 10.0 (VS2010)

time: Mon Feb 01 19:51:01 2016
elapsed time: 4391 seconds (0d 1h 13m 11s)

