#
# There is insufficient memory for the Java Runtime Environment to continue.
# Native memory allocation (malloc) failed to allocate 32744 bytes for ChunkPool::allocate
# Possible reasons:
#   The system is out of physical RAM or swap space
#   In 32 bit mode, the process size limit was hit
# Possible solutions:
#   Reduce memory load on the system
#   Increase physical memory or swap space
#   Check if swap backing store is full
#   Use 64 bit Java on a 64 bit OS
#   Decrease Java heap size (-Xmx/-Xms)
#   Decrease number of Java threads
#   Decrease Java thread stack sizes (-Xss)
#   Set larger code cache with -XX:ReservedCodeCacheSize=
# This output file may be truncated or incomplete.
#
#  Out of Memory Error (allocation.cpp:273), pid=9600, tid=1300
#
# JRE version: Java(TM) SE Runtime Environment (8.0_60-b27) (build 1.8.0_60-b27)
# Java VM: Java HotSpot(TM) 64-Bit Server VM (25.60-b23 mixed mode windows-amd64 compressed oops)
# Failed to write core dump. Minidumps are not enabled by default on client versions of Windows
#

---------------  T H R E A D  ---------------

Current thread (0x0000000016f54800):  JavaThread "C1 CompilerThread3" daemon [_thread_in_native, id=1300, stack(0x0000000017820000,0x0000000017920000)]

Stack: [0x0000000017820000,0x0000000017920000]
[error occurred during error reporting (printing stack bounds), id 0xc0000005]

Native frames: (J=compiled Java code, j=interpreted, Vv=VM code, C=native code)


Current CompileTask:
C1:    412  500   !   3       com.android.dx.cf.code.BytecodeArray::parseInstruction (2764 bytes)


---------------  P R O C E S S  ---------------

Java Threads: ( => current thread )
  0x0000000017227800 JavaThread "pool-1-thread-4" [_thread_blocked, id=10084, stack(0x0000000018720000,0x0000000018820000)]
  0x0000000017221000 JavaThread "pool-1-thread-3" [_thread_in_vm, id=4552, stack(0x0000000018620000,0x0000000018720000)]
  0x000000001721f000 JavaThread "pool-1-thread-2" [_thread_blocked, id=3272, stack(0x0000000018520000,0x0000000018620000)]
  0x00000000172ba800 JavaThread "pool-2-thread-1" [_thread_blocked, id=10068, stack(0x0000000018420000,0x0000000018520000)]
  0x00000000172af800 JavaThread "pool-1-thread-1" [_thread_blocked, id=5860, stack(0x0000000018320000,0x0000000018420000)]
  0x0000000016f5b000 JavaThread "Service Thread" daemon [_thread_blocked, id=5688, stack(0x0000000017920000,0x0000000017a20000)]
=>0x0000000016f54800 JavaThread "C1 CompilerThread3" daemon [_thread_in_native, id=1300, stack(0x0000000017820000,0x0000000017920000)]
  0x0000000016f4f800 JavaThread "C2 CompilerThread2" daemon [_thread_blocked, id=2956, stack(0x0000000017720000,0x0000000017820000)]
  0x0000000016f4c800 JavaThread "C2 CompilerThread1" daemon [_thread_blocked, id=3268, stack(0x0000000017620000,0x0000000017720000)]
  0x0000000016f46800 JavaThread "C2 CompilerThread0" daemon [_thread_blocked, id=9652, stack(0x0000000017520000,0x0000000017620000)]
  0x0000000016f45800 JavaThread "Attach Listener" daemon [_thread_blocked, id=5576, stack(0x0000000017420000,0x0000000017520000)]
  0x0000000016f44800 JavaThread "Signal Dispatcher" daemon [_thread_blocked, id=10164, stack(0x0000000017320000,0x0000000017420000)]
  0x0000000002324000 JavaThread "Finalizer" daemon [_thread_blocked, id=264, stack(0x0000000016d20000,0x0000000016e20000)]
  0x0000000002323000 JavaThread "Reference Handler" daemon [_thread_blocked, id=8532, stack(0x0000000016c20000,0x0000000016d20000)]
  0x0000000002230800 JavaThread "main" [_thread_in_vm, id=9452, stack(0x00000000020c0000,0x00000000021c0000)]

Other Threads:
  0x0000000014e49800 VMThread [stack: 0x0000000016b20000,0x0000000016c20000] [id=1580]
  0x0000000016fda000 WatcherThread [stack: 0x0000000017a20000,0x0000000017b20000] [id=3412]

VM state:not at safepoint (normal execution)

VM Mutex/Monitor currently owned by a thread: None

Heap:
 PSYoungGen      total 38400K, used 14922K [0x00000000eab00000, 0x00000000ed580000, 0x0000000100000000)
  eden space 33280K, 44% used [0x00000000eab00000,0x00000000eb9929e8,0x00000000ecb80000)
  from space 5120K, 0% used [0x00000000ed080000,0x00000000ed080000,0x00000000ed580000)
  to   space 5120K, 0% used [0x00000000ecb80000,0x00000000ecb80000,0x00000000ed080000)
 ParOldGen       total 87552K, used 0K [0x00000000c0000000, 0x00000000c5580000, 0x00000000eab00000)
  object space 87552K, 0% used [0x00000000c0000000,0x00000000c0000000,0x00000000c5580000)
 Metaspace       used 5487K, capacity 6448K, committed 6528K, reserved 1056768K
  class space    used 595K, capacity 616K, committed 640K, reserved 1048576K

Card table byte_map: [0x00000000116f0000,0x0000000011900000] byte_map_base: 0x00000000110f0000

Marking Bits: (ParMarkBitMap*) 0x000000006114a5b0
 Begin Bits: [0x0000000012260000, 0x0000000013260000)
 End Bits:   [0x0000000013260000, 0x0000000014260000)

Polling page: 0x0000000002060000

CodeCache: size=245760Kb used=2115Kb max_used=2115Kb free=243644Kb
 bounds [0x0000000002330000, 0x00000000025a0000, 0x0000000011330000]
 total_blobs=769 nmethods=500 adapters=182
 compilation: enabled

Compilation events (10 events):
Event: 0.400 Thread 0x0000000016f54800 nmethod 504 0x000000000253c890 code [0x000000000253cae0, 0x000000000253da88]
Event: 0.400 Thread 0x0000000016f54800  509       3       java.util.BitSet::recalculateWordsInUse (39 bytes)
Event: 0.400 Thread 0x0000000016f54800 nmethod 509 0x000000000253e410 code [0x000000000253e580, 0x000000000253e7f0]
Event: 0.400 Thread 0x0000000016f54800  501  s    3       java.util.Vector::elementAt (48 bytes)
Event: 0.400 Thread 0x0000000016f54800 nmethod 501 0x000000000253e910 code [0x000000000253eb20, 0x000000000253f6e8]
Event: 0.400 Thread 0x0000000016f54800  502  s    3       java.util.Stack::pop (19 bytes)
Event: 0.401 Thread 0x0000000016f54800 nmethod 502 0x000000000253fcd0 code [0x000000000253fe80, 0x00000000025409e8]
Event: 0.401 Thread 0x0000000016f54800  513       3       java.util.BitSet::clear (70 bytes)
Event: 0.402 Thread 0x0000000016f54800 nmethod 513 0x0000000002540dd0 code [0x0000000002540fe0, 0x00000000025419b8]
Event: 0.402 Thread 0x0000000016f54800  500   !   3       com.android.dx.cf.code.BytecodeArray::parseInstruction (2764 bytes)

GC Heap History (0 events):
No events

Deoptimization events (0 events):
No events

Internal exceptions (2 events):
Event: 0.030 Thread 0x0000000002230800 Exception <a 'java/lang/NoSuchMethodError': Method sun.misc.Unsafe.defineClass(Ljava/lang/String;[BII)Ljava/lang/Class; name or signature does not match> (0x00000000eab0d6b8) thrown at [C:\re\workspace\8-2-build-windows-amd64-cygwin\jdk8u60\4407\hotspot\srA½¨½!ož?
Event: 0.030 Thread 0x0000000002230800 Exception <a 'java/lang/NoSuchMethodError': Method sun.misc.Unsafe.prefetchRead(Ljava/lang/Object;J)V name or signature does not match> (0x00000000eab0d9a0) thrown at [C:\re\workspace\8-2-build-windows-amd64-cygwin\jdk8u60\4407\hotspot\src\share\vm\prims\j

Events (10 events):
Event: 0.390 loading class java/util/HashMap$ValueIterator
Event: 0.390 loading class java/util/HashMap$ValueIterator done
Event: 0.392 loading class com/android/dx/ssa/PhiInsn$Operand
Event: 0.392 loading class com/android/dx/ssa/PhiInsn$Operand done
Event: 0.393 loading class com/android/dx/cf/code/BytecodeArray$ConstantParserVisitor
Event: 0.393 loading class com/android/dx/cf/code/BytecodeArray$ConstantParserVisitor done
Event: 0.393 loading class com/android/dx/dex/file/MethodAnnotationStruct
Event: 0.393 loading class com/android/dx/dex/file/MethodAnnotationStruct done
Event: 0.400 loading class com/android/dx/ssa/back/FirstFitLocalCombiningAllocator$Multiset
Event: 0.400 loading class com/android/dx/ssa/back/FirstFitLocalCombiningAllocator$Multiset done


Dynamic libraries:
0x00007ff795320000 - 0x00007ff795357000 	C:\Program Files\Java\jdk1.8.0_60\bin\java.exe
0x00007ff921370000 - 0x00007ff921531000 	C:\WINDOWS\SYSTEM32\ntdll.dll
0x00007ff91ea20000 - 0x00007ff91eacd000 	C:\WINDOWS\system32\KERNEL32.DLL
0x00007ff91dd60000 - 0x00007ff91df48000 	C:\WINDOWS\system32\KERNELBASE.dll
0x00007ff91f3d0000 - 0x00007ff91f477000 	C:\WINDOWS\system32\ADVAPI32.dll
0x00007ff91ec90000 - 0x00007ff91ed2d000 	C:\WINDOWS\system32\msvcrt.dll
0x00007ff91f210000 - 0x00007ff91f26b000 	C:\WINDOWS\system32\sechost.dll
0x00007ff91f480000 - 0x00007ff91f59c000 	C:\WINDOWS\system32\RPCRT4.dll
0x00007ff920fd0000 - 0x00007ff921126000 	C:\WINDOWS\system32\USER32.dll
0x00007ff91e890000 - 0x00007ff91ea16000 	C:\WINDOWS\system32\GDI32.dll
0x00007ff91a110000 - 0x00007ff91a384000 	C:\WINDOWS\WinSxS\amd64_microsoft.windows.common-controls_6595b64144ccf1df_6.0.10586.0_none_8c15ae12515e1c22\COMCTL32.dll
0x00007ff91eda0000 - 0x00007ff91f01d000 	C:\WINDOWS\system32\combase.dll
0x00007ff91da20000 - 0x00007ff91da8a000 	C:\WINDOWS\system32\bcryptPrimitives.dll
0x00007ff91f5a0000 - 0x00007ff91f5db000 	C:\WINDOWS\system32\IMM32.DLL
0x00000000604c0000 - 0x0000000060592000 	C:\Program Files\Java\jdk1.8.0_60\jre\bin\msvcr100.dll
0x0000000060940000 - 0x00000000611c9000 	C:\Program Files\Java\jdk1.8.0_60\jre\bin\server\jvm.dll
0x00007ff91f020000 - 0x00007ff91f028000 	C:\WINDOWS\system32\PSAPI.DLL
0x00007ff91c160000 - 0x00007ff91c169000 	C:\WINDOWS\SYSTEM32\WSOCK32.dll
0x00007ff91a440000 - 0x00007ff91a44a000 	C:\WINDOWS\SYSTEM32\VERSION.dll
0x00007ff91ed30000 - 0x00007ff91ed9b000 	C:\WINDOWS\system32\WS2_32.dll
0x00007ff91bc10000 - 0x00007ff91bc33000 	C:\WINDOWS\SYSTEM32\WINMM.dll
0x00007ff91bbb0000 - 0x00007ff91bbdc000 	C:\WINDOWS\SYSTEM32\WINMMBASE.dll
0x00007ff91da90000 - 0x00007ff91dad3000 	C:\WINDOWS\system32\cfgmgr32.dll
0x0000000060930000 - 0x000000006093f000 	C:\Program Files\Java\jdk1.8.0_60\jre\bin\verify.dll
0x0000000060900000 - 0x0000000060929000 	C:\Program Files\Java\jdk1.8.0_60\jre\bin\java.dll
0x00000000608e0000 - 0x00000000608f6000 	C:\Program Files\Java\jdk1.8.0_60\jre\bin\zip.dll
0x00007ff91f640000 - 0x00007ff920b9f000 	C:\WINDOWS\system32\SHELL32.dll
0x00007ff91e120000 - 0x00007ff91e764000 	C:\WINDOWS\system32\windows.storage.dll
0x00007ff91f5e0000 - 0x00007ff91f632000 	C:\WINDOWS\system32\shlwapi.dll
0x00007ff91d9c0000 - 0x00007ff91d9cf000 	C:\WINDOWS\system32\kernel.appcore.dll
0x00007ff91e060000 - 0x00007ff91e115000 	C:\WINDOWS\system32\shcore.dll
0x00007ff91d9d0000 - 0x00007ff91da1b000 	C:\WINDOWS\system32\powrprof.dll
0x00007ff91d9a0000 - 0x00007ff91d9b4000 	C:\WINDOWS\system32\profapi.dll

VM Arguments:
jvm_args: -Djava.awt.headless=true -Xmx1024M -Dfile.encoding=windows-1252 -Duser.country=ES -Duser.language=es -Duser.variant 
java_command: com.android.dx.command.Main --dex --num-threads=4 --output C:\Users\lprub\Desktop\HistorialLlamadas\app\build\intermediates\pre-dexed\debug\com.android.support-recyclerview-v7-23.1.1_7f475c7cfe1ae5f34d8cc1d23f1f7f61cda244f1.jar C:\Users\lprub\Desktop\HistorialLlamadas\app\build\intermediates\exploded-aar\com.android.support\recyclerview-v7\23.1.1\jars\classes.jar
java_class_path (initial): C:\Users\lprub\AppData\Local\Android\sdk\build-tools\23.0.2\lib\dx.jar
Launcher Type: SUN_STANDARD

Environment Variables:
PATH=C:\ProgramData\Oracle\Java\javapath;C:\Program Files (x86)\Intel\iCLS Client\;C:\Program Files\Intel\iCLS Client\;C:\WINDOWS\system32;C:\WINDOWS;C:\WINDOWS\System32\Wbem;C:\WINDOWS\System32\WindowsPowerShell\v1.0\;C:\Program Files (x86)\NVIDIA Corporation\PhysX\Common;C:\Program Files (x86)\Intel\Intel(R) Management Engine Components\DAL;C:\Program Files\Intel\Intel(R) Management Engine Components\DAL;C:\Program Files (x86)\Intel\Intel(R) Management Engine Components\IPT;C:\Program Files\Intel\Intel(R) Management Engine Components\IPT;C:\Program Files (x86)\Brackets\command;C:\Program Files (x86)\Skype\Phone\;%SystemRoot%\system32;%SystemRoot%;%SystemRoot%\System32\Wbem;%SYSTEMROOT%\System32\WindowsPowerShell\v1.0\
USERNAME=lprub
OS=Windows_NT
PROCESSOR_IDENTIFIER=Intel64 Family 6 Model 60 Stepping 3, GenuineIntel



---------------  S Y S T E M  ---------------

OS: Windows 10.0 , 64 bit Build 10586 (10.0.10586.0)

CPU:total 8 (4 cores per cpu, 2 threads per core) family 6 model 60 stepping 3, cmov, cx8, fxsr, mmx, sse, sse2, sse3, ssse3, sse4.1, sse4.2, popcnt, avx, avx2, aes, clmul, erms, lzcnt, ht, tsc, tscinvbit, bmi1, bmi2

Memory: 4k page, physical 8314240k(1891852k free), swap 9362816k(4112k free)

vm_info: Java HotSpot(TM) 64-Bit Server VM (25.60-b23) for windows-amd64 JRE (1.8.0_60-b27), built on Aug  4 2015 11:06:27 by "java_re" with MS VC++ 10.0 (VS2010)

time: Tue Feb 02 18:38:15 2016
elapsed time: 0 seconds (0d 0h 0m 0s)

