#
# There is insufficient memory for the Java Runtime Environment to continue.
# Native memory allocation (malloc) failed to allocate 406464 bytes for Chunk::new
# Possible reasons:
#   The system is out of physical RAM or swap space
#   In 32 bit mode, the process size limit was hit
# Possible solutions:
#   Reduce memory load on the system
#   Increase physical memory or swap space
#   Check if swap backing store is full
#   Use 64 bit Java on a 64 bit OS
#   Decrease Java heap size (-Xmx/-Xms)
#   Decrease number of Java threads
#   Decrease Java thread stack sizes (-Xss)
#   Set larger code cache with -XX:ReservedCodeCacheSize=
# This output file may be truncated or incomplete.
#
#  Out of Memory Error (allocation.cpp:390), pid=1372, tid=532
#
# JRE version: Java(TM) SE Runtime Environment (8.0_60-b27) (build 1.8.0_60-b27)
# Java VM: Java HotSpot(TM) 64-Bit Server VM (25.60-b23 mixed mode windows-amd64 compressed oops)
# Failed to write core dump. Minidumps are not enabled by default on client versions of Windows
#

---------------  T H R E A D  ---------------

Current thread (0x0000000016f7b800):  JavaThread "C2 CompilerThread1" daemon [_thread_in_native, id=532, stack(0x0000000017650000,0x0000000017750000)]

Stack: [0x0000000017650000,0x0000000017750000]
[error occurred during error reporting (printing stack bounds), id 0xc0000005]

Native frames: (J=compiled Java code, j=interpreted, Vv=VM code, C=native code)


Current CompileTask:
C2:   1107 1309       4       com.android.dx.ssa.SCCP::simulatePhi (169 bytes)


---------------  P R O C E S S  ---------------

Java Threads: ( => current thread )
  0x00000000172cb000 JavaThread "pool-1-thread-4" [_thread_blocked, id=1252, stack(0x0000000018750000,0x0000000018850000)]
  0x00000000172ca800 JavaThread "pool-1-thread-3" [_thread_blocked, id=10100, stack(0x0000000018650000,0x0000000018750000)]
  0x00000000172c5800 JavaThread "pool-1-thread-2" [_thread_in_Java, id=3368, stack(0x0000000018550000,0x0000000018650000)]
  0x00000000172c2000 JavaThread "pool-2-thread-1" [_thread_blocked, id=1672, stack(0x0000000018450000,0x0000000018550000)]
  0x0000000017339800 JavaThread "pool-1-thread-1" [_thread_blocked, id=1552, stack(0x0000000018350000,0x0000000018450000)]
  0x0000000016fe6000 JavaThread "Service Thread" daemon [_thread_blocked, id=9624, stack(0x0000000017950000,0x0000000017a50000)]
  0x0000000016f84000 JavaThread "C1 CompilerThread3" daemon [_thread_blocked, id=9040, stack(0x0000000017850000,0x0000000017950000)]
  0x0000000016f7e800 JavaThread "C2 CompilerThread2" daemon [_thread_in_native, id=9432, stack(0x0000000017750000,0x0000000017850000)]
=>0x0000000016f7b800 JavaThread "C2 CompilerThread1" daemon [_thread_in_native, id=532, stack(0x0000000017650000,0x0000000017750000)]
  0x0000000016f76000 JavaThread "C2 CompilerThread0" daemon [_thread_in_native, id=8756, stack(0x0000000017550000,0x0000000017650000)]
  0x0000000016f74800 JavaThread "Attach Listener" daemon [_thread_blocked, id=7580, stack(0x0000000017450000,0x0000000017550000)]
  0x0000000016f74000 JavaThread "Signal Dispatcher" daemon [_thread_blocked, id=3740, stack(0x0000000017350000,0x0000000017450000)]
  0x0000000002359000 JavaThread "Finalizer" daemon [_thread_blocked, id=2712, stack(0x0000000016d50000,0x0000000016e50000)]
  0x0000000002352000 JavaThread "Reference Handler" daemon [_thread_blocked, id=3352, stack(0x0000000016c50000,0x0000000016d50000)]
  0x0000000002260800 JavaThread "main" [_thread_blocked, id=6272, stack(0x0000000002160000,0x0000000002260000)]

Other Threads:
  0x0000000014e79800 VMThread [stack: 0x0000000016b50000,0x0000000016c50000] [id=9692]
  0x0000000017002800 WatcherThread [stack: 0x0000000017a50000,0x0000000017b50000] [id=5536]

VM state:not at safepoint (normal execution)

VM Mutex/Monitor currently owned by a thread: None

Heap:
 PSYoungGen      total 38400K, used 16878K [0x00000000eab00000, 0x00000000ef600000, 0x0000000100000000)
  eden space 33280K, 35% used [0x00000000eab00000,0x00000000eb67e930,0x00000000ecb80000)
  from space 5120K, 99% used [0x00000000ecb80000,0x00000000ed07d200,0x00000000ed080000)
  to   space 5120K, 0% used [0x00000000ef100000,0x00000000ef100000,0x00000000ef600000)
 ParOldGen       total 87552K, used 996K [0x00000000c0000000, 0x00000000c5580000, 0x00000000eab00000)
  object space 87552K, 1% used [0x00000000c0000000,0x00000000c00f90e0,0x00000000c5580000)
 Metaspace       used 6031K, capacity 6960K, committed 7040K, reserved 1056768K
  class space    used 595K, capacity 616K, committed 640K, reserved 1048576K

Card table byte_map: [0x0000000011720000,0x0000000011930000] byte_map_base: 0x0000000011120000

Marking Bits: (ParMarkBitMap*) 0x000000006114a5b0
 Begin Bits: [0x0000000012290000, 0x0000000013290000)
 End Bits:   [0x0000000013290000, 0x0000000014290000)

Polling page: 0x0000000000540000

CodeCache: size=245760Kb used=5378Kb max_used=5382Kb free=240381Kb
 bounds [0x0000000002360000, 0x00000000028b0000, 0x0000000011360000]
 total_blobs=1612 nmethods=1343 adapters=182
 compilation: enabled

Compilation events (10 events):
Event: 1.095 Thread 0x0000000016f84000 1346       3       com.android.dx.dex.code.RopTranslator::access$600 (6 bytes)
Event: 1.095 Thread 0x0000000016f84000 nmethod 1346 0x0000000002899690 code [0x0000000002899800, 0x0000000002899968]
Event: 1.096 Thread 0x0000000016f84000 1349       3       com.android.dx.rop.code.Rops::opMarkLocal (69 bytes)
Event: 1.096 Thread 0x0000000016f7e800 nmethod 1335% 0x00000000028a48d0 code [0x00000000028a4aa0, 0x00000000028a5938]
Event: 1.096 Thread 0x0000000016f7e800 1340       4       com.android.dx.ssa.LocalVariableExtractor::processBlock (383 bytes)
Event: 1.097 Thread 0x0000000016f84000 nmethod 1349 0x0000000002898310 code [0x0000000002898540, 0x0000000002899118]
Event: 1.098 Thread 0x0000000016f84000 1350       3       com.android.dx.cf.direct.DirectClassFile::getThisClass (9 bytes)
Event: 1.098 Thread 0x0000000016f84000 nmethod 1350 0x00000000028a4450 code [0x00000000028a45c0, 0x00000000028a4808]
Event: 1.098 Thread 0x0000000016f84000 1351       3       java.util.RegularEnumSet::remove (74 bytes)
Event: 1.098 Thread 0x0000000016f84000 nmethod 1351 0x00000000028a3bd0 code [0x00000000028a3d60, 0x00000000028a4308]

GC Heap History (2 events):
Event: 0.678 GC heap before
{Heap before GC invocations=1 (full 0):
 PSYoungGen      total 38400K, used 33280K [0x00000000eab00000, 0x00000000ed580000, 0x0000000100000000)
  eden space 33280K, 100% used [0x00000000eab00000,0x00000000ecb80000,0x00000000ecb80000)
  from space 5120K, 0% used [0x00000000ed080000,0x00000000ed080000,0x00000000ed580000)
  to   space 5120K, 0% used [0x00000000ecb80000,0x00000000ecb80000,0x00000000ed080000)
 ParOldGen       total 87552K, used 0K [0x00000000c0000000, 0x00000000c5580000, 0x00000000eab00000)
  object space 87552K, 0% used [0x00000000c0000000,0x00000000c0000000,0x00000000c5580000)
 Metaspace       used 5903K, capacity 6832K, committed 7040K, reserved 1056768K
  class space    used 595K, capacity 616K, committed 640K, reserved 1048576K
Event: 0.795 GC heap after
Heap after GC invocations=1 (full 0):
 PSYoungGen      total 38400K, used 5108K [0x00000000eab00000, 0x00000000ef600000, 0x0000000100000000)
  eden space 33280K, 0% used [0x00000000eab00000,0x00000000eab00000,0x00000000ecb80000)
  from space 5120K, 99% used [0x00000000ecb80000,0x00000000ed07d200,0x00000000ed080000)
  to   space 5120K, 0% used [0x00000000ef100000,0x00000000ef100000,0x00000000ef600000)
 ParOldGen       total 87552K, used 996K [0x00000000c0000000, 0x00000000c5580000, 0x00000000eab00000)
  object space 87552K, 1% used [0x00000000c0000000,0x00000000c00f90e0,0x00000000c5580000)
 Metaspace       used 5903K, capacity 6832K, committed 7040K, reserved 1056768K
  class space    used 595K, capacity 616K, committed 640K, reserved 1048576K
}

Deoptimization events (6 events):
Event: 0.359 Thread 0x0000000002260800 Uncommon trap: reason=unstable_if action=reinterpret pc=0x00000000025627b0 method=java.util.BitSet.nextSetBit(I)I @ 87
Event: 0.361 Thread 0x0000000002260800 Uncommon trap: reason=unstable_if action=reinterpret pc=0x0000000002560d24 method=java.util.HashMap.getNode(ILjava/lang/Object;)Ljava/util/HashMap$Node; @ 129
Event: 0.366 Thread 0x0000000002260800 Uncommon trap: reason=class_check action=maybe_recompile pc=0x0000000002572670 method=com.android.dx.ssa.NormalSsaInsn.accept(Lcom/android/dx/ssa/SsaInsn$Visitor;)V @ 9
Event: 0.376 Thread 0x0000000002260800 Uncommon trap: reason=class_check action=maybe_recompile pc=0x0000000002572670 method=com.android.dx.ssa.NormalSsaInsn.accept(Lcom/android/dx/ssa/SsaInsn$Visitor;)V @ 9
Event: 0.431 Thread 0x0000000002260800 Uncommon trap: reason=unstable_if action=reinterpret pc=0x000000000260ee5c method=com.android.dx.rop.cst.Constant.compareTo(Lcom/android/dx/rop/cst/Constant;)I @ 12
Event: 0.471 Thread 0x00000000172ca800 Uncommon trap: reason=unstable_if action=reinterpret pc=0x00000000026475f8 method=com.android.dx.rop.code.LocalItem.hashCode()I @ 25

Internal exceptions (2 events):
Event: 0.029 Thread 0x0000000002260800 Exception <a 'java/lang/NoSuchMethodError': Method sun.misc.Unsafe.defineClass(Ljava/lang/String;[BII)Ljava/lang/Class; name or signature does not match> (0x00000000eab0d6a0) thrown at [C:\re\workspace\8-2-build-windows-amd64-cygwin\jdk8u60\4407\hotspot\srEﬂ_⁄Gù?
Event: 0.029 Thread 0x0000000002260800 Exception <a 'java/lang/NoSuchMethodError': Method sun.misc.Unsafe.prefetchRead(Ljava/lang/Object;J)V name or signature does not match> (0x00000000eab0d988) thrown at [C:\re\workspace\8-2-build-windows-amd64-cygwin\jdk8u60\4407\hotspot\src\share\vm\prims\j

Events (10 events):
Event: 0.471 Thread 0x00000000172ca800 DEOPT PACKING pc=0x00000000026475f8 sp=0x000000001874ecd0
Event: 0.471 Thread 0x00000000172ca800 DEOPT UNPACKING pc=0x00000000023a582a sp=0x000000001874ea38 mode 2
Event: 0.506 loading class java/util/TreeMap$EntrySet
Event: 0.507 loading class java/util/TreeMap$EntrySet done
Event: 0.507 loading class java/util/TreeMap$EntryIterator
Event: 0.507 loading class java/util/TreeMap$EntryIterator done
Event: 0.507 Executing VM operation: Deoptimize
Event: 0.508 Executing VM operation: Deoptimize done
Event: 0.571 Executing VM operation: ParallelGCFailedAllocation
Event: 0.795 Executing VM operation: ParallelGCFailedAllocation done


Dynamic libraries:
0x00007ff795320000 - 0x00007ff795357000 	C:\Program Files\Java\jdk1.8.0_60\bin\java.exe
0x00007ff921370000 - 0x00007ff921531000 	C:\WINDOWS\SYSTEM32\ntdll.dll
0x00007ff91ea20000 - 0x00007ff91eacd000 	C:\WINDOWS\system32\KERNEL32.DLL
0x00007ff91dd60000 - 0x00007ff91df48000 	C:\WINDOWS\system32\KERNELBASE.dll
0x00007ff91f3d0000 - 0x00007ff91f477000 	C:\WINDOWS\system32\ADVAPI32.dll
0x00007ff91ec90000 - 0x00007ff91ed2d000 	C:\WINDOWS\system32\msvcrt.dll
0x00007ff91f210000 - 0x00007ff91f26b000 	C:\WINDOWS\system32\sechost.dll
0x00007ff91f480000 - 0x00007ff91f59c000 	C:\WINDOWS\system32\RPCRT4.dll
0x00007ff920fd0000 - 0x00007ff921126000 	C:\WINDOWS\system32\USER32.dll
0x00007ff91e890000 - 0x00007ff91ea16000 	C:\WINDOWS\system32\GDI32.dll
0x00007ff91a110000 - 0x00007ff91a384000 	C:\WINDOWS\WinSxS\amd64_microsoft.windows.common-controls_6595b64144ccf1df_6.0.10586.0_none_8c15ae12515e1c22\COMCTL32.dll
0x00007ff91eda0000 - 0x00007ff91f01d000 	C:\WINDOWS\system32\combase.dll
0x00007ff91da20000 - 0x00007ff91da8a000 	C:\WINDOWS\system32\bcryptPrimitives.dll
0x00007ff91f5a0000 - 0x00007ff91f5db000 	C:\WINDOWS\system32\IMM32.DLL
0x00000000604c0000 - 0x0000000060592000 	C:\Program Files\Java\jdk1.8.0_60\jre\bin\msvcr100.dll
0x0000000060940000 - 0x00000000611c9000 	C:\Program Files\Java\jdk1.8.0_60\jre\bin\server\jvm.dll
0x00007ff91f020000 - 0x00007ff91f028000 	C:\WINDOWS\system32\PSAPI.DLL
0x00007ff91c160000 - 0x00007ff91c169000 	C:\WINDOWS\SYSTEM32\WSOCK32.dll
0x00007ff91ed30000 - 0x00007ff91ed9b000 	C:\WINDOWS\system32\WS2_32.dll
0x00007ff91a440000 - 0x00007ff91a44a000 	C:\WINDOWS\SYSTEM32\VERSION.dll
0x00007ff91bc10000 - 0x00007ff91bc33000 	C:\WINDOWS\SYSTEM32\WINMM.dll
0x0000000002080000 - 0x00000000020ac000 	C:\WINDOWS\SYSTEM32\WINMMBASE.dll
0x00007ff91da90000 - 0x00007ff91dad3000 	C:\WINDOWS\system32\cfgmgr32.dll
0x0000000060930000 - 0x000000006093f000 	C:\Program Files\Java\jdk1.8.0_60\jre\bin\verify.dll
0x0000000060900000 - 0x0000000060929000 	C:\Program Files\Java\jdk1.8.0_60\jre\bin\java.dll
0x00000000608e0000 - 0x00000000608f6000 	C:\Program Files\Java\jdk1.8.0_60\jre\bin\zip.dll
0x00007ff91f640000 - 0x00007ff920b9f000 	C:\WINDOWS\system32\SHELL32.dll
0x00007ff91e120000 - 0x00007ff91e764000 	C:\WINDOWS\system32\windows.storage.dll
0x00007ff91f5e0000 - 0x00007ff91f632000 	C:\WINDOWS\system32\shlwapi.dll
0x00007ff91d9c0000 - 0x00007ff91d9cf000 	C:\WINDOWS\system32\kernel.appcore.dll
0x00007ff91e060000 - 0x00007ff91e115000 	C:\WINDOWS\system32\shcore.dll
0x00007ff91d9d0000 - 0x00007ff91da1b000 	C:\WINDOWS\system32\powrprof.dll
0x00007ff91d9a0000 - 0x00007ff91d9b4000 	C:\WINDOWS\system32\profapi.dll

VM Arguments:
jvm_args: -Djava.awt.headless=true -Xmx1024M -Dfile.encoding=windows-1252 -Duser.country=ES -Duser.language=es -Duser.variant 
java_command: com.android.dx.command.Main --dex --num-threads=4 --output C:\Users\lprub\Desktop\HistorialLlamadas\app\build\intermediates\pre-dexed\debug\internal_impl-23.1.1_92a8d23711bfd95614607212bad33229b77d64e7.jar C:\Users\lprub\Desktop\HistorialLlamadas\app\build\intermediates\exploded-aar\com.android.support\support-v4\23.1.1\jars\libs\internal_impl-23.1.1.jar
java_class_path (initial): C:\Users\lprub\AppData\Local\Android\sdk\build-tools\23.0.2\lib\dx.jar
Launcher Type: SUN_STANDARD

Environment Variables:
PATH=C:\ProgramData\Oracle\Java\javapath;C:\Program Files (x86)\Intel\iCLS Client\;C:\Program Files\Intel\iCLS Client\;C:\WINDOWS\system32;C:\WINDOWS;C:\WINDOWS\System32\Wbem;C:\WINDOWS\System32\WindowsPowerShell\v1.0\;C:\Program Files (x86)\NVIDIA Corporation\PhysX\Common;C:\Program Files (x86)\Intel\Intel(R) Management Engine Components\DAL;C:\Program Files\Intel\Intel(R) Management Engine Components\DAL;C:\Program Files (x86)\Intel\Intel(R) Management Engine Components\IPT;C:\Program Files\Intel\Intel(R) Management Engine Components\IPT;C:\Program Files (x86)\Brackets\command;C:\Program Files (x86)\Skype\Phone\;%SystemRoot%\system32;%SystemRoot%;%SystemRoot%\System32\Wbem;%SYSTEMROOT%\System32\WindowsPowerShell\v1.0\
USERNAME=lprub
OS=Windows_NT
PROCESSOR_IDENTIFIER=Intel64 Family 6 Model 60 Stepping 3, GenuineIntel



---------------  S Y S T E M  ---------------

OS: Windows 10.0 , 64 bit Build 10586 (10.0.10586.0)

CPU:total 8 (4 cores per cpu, 2 threads per core) family 6 model 60 stepping 3, cmov, cx8, fxsr, mmx, sse, sse2, sse3, ssse3, sse4.1, sse4.2, popcnt, avx, avx2, aes, clmul, erms, lzcnt, ht, tsc, tscinvbit, bmi1, bmi2

Memory: 4k page, physical 8314240k(1807012k free), swap 9362816k(5132k free)

vm_info: Java HotSpot(TM) 64-Bit Server VM (25.60-b23) for windows-amd64 JRE (1.8.0_60-b27), built on Aug  4 2015 11:06:27 by "java_re" with MS VC++ 10.0 (VS2010)

time: Tue Feb 02 18:43:40 2016
elapsed time: 1 seconds (0d 0h 0m 1s)

