#
# There is insufficient memory for the Java Runtime Environment to continue.
# Native memory allocation (malloc) failed to allocate 188976 bytes for Chunk::new
# Possible reasons:
#   The system is out of physical RAM or swap space
#   In 32 bit mode, the process size limit was hit
# Possible solutions:
#   Reduce memory load on the system
#   Increase physical memory or swap space
#   Check if swap backing store is full
#   Use 64 bit Java on a 64 bit OS
#   Decrease Java heap size (-Xmx/-Xms)
#   Decrease number of Java threads
#   Decrease Java thread stack sizes (-Xss)
#   Set larger code cache with -XX:ReservedCodeCacheSize=
# This output file may be truncated or incomplete.
#
#  Out of Memory Error (allocation.cpp:390), pid=8436, tid=2252
#
# JRE version: Java(TM) SE Runtime Environment (8.0_60-b27) (build 1.8.0_60-b27)
# Java VM: Java HotSpot(TM) 64-Bit Server VM (25.60-b23 mixed mode windows-amd64 compressed oops)
# Failed to write core dump. Minidumps are not enabled by default on client versions of Windows
#

---------------  T H R E A D  ---------------

Current thread (0x0000000016fb6000):  JavaThread "C2 CompilerThread0" daemon [_thread_in_native, id=2252, stack(0x0000000017590000,0x0000000017690000)]

Stack: [0x0000000017590000,0x0000000017690000]
[error occurred during error reporting (printing stack bounds), id 0xc0000005]

Native frames: (J=compiled Java code, j=interpreted, Vv=VM code, C=native code)


Current CompileTask:
C2:   1106 1134       4       com.android.dx.ssa.SCCP::simulateStmt (481 bytes)


---------------  P R O C E S S  ---------------

Java Threads: ( => current thread )
  0x0000000017207000 JavaThread "pool-1-thread-4" [_thread_blocked, id=8088, stack(0x0000000018790000,0x0000000018890000)]
  0x0000000017204000 JavaThread "pool-1-thread-3" [_thread_in_Java, id=8200, stack(0x0000000018690000,0x0000000018790000)]
  0x0000000017201800 JavaThread "pool-1-thread-2" [_thread_blocked, id=9824, stack(0x0000000018590000,0x0000000018690000)]
  0x0000000017254800 JavaThread "pool-2-thread-1" [_thread_blocked, id=10056, stack(0x0000000018490000,0x0000000018590000)]
  0x0000000017254000 JavaThread "pool-1-thread-1" [_thread_in_Java, id=2560, stack(0x0000000018390000,0x0000000018490000)]
  0x0000000017032800 JavaThread "Service Thread" daemon [_thread_blocked, id=8896, stack(0x0000000017990000,0x0000000017a90000)]
  0x000000001702a000 JavaThread "C1 CompilerThread3" daemon [_thread_in_native, id=1444, stack(0x0000000017890000,0x0000000017990000)]
  0x0000000017027800 JavaThread "C2 CompilerThread2" daemon [_thread_in_native, id=632, stack(0x0000000017790000,0x0000000017890000)]
  0x0000000017005800 JavaThread "C2 CompilerThread1" daemon [_thread_in_native, id=3912, stack(0x0000000017690000,0x0000000017790000)]
=>0x0000000016fb6000 JavaThread "C2 CompilerThread0" daemon [_thread_in_native, id=2252, stack(0x0000000017590000,0x0000000017690000)]
  0x0000000016fb4800 JavaThread "Attach Listener" daemon [_thread_blocked, id=2412, stack(0x0000000017490000,0x0000000017590000)]
  0x0000000016fb4000 JavaThread "Signal Dispatcher" daemon [_thread_blocked, id=6684, stack(0x0000000017390000,0x0000000017490000)]
  0x00000000023a9000 JavaThread "Finalizer" daemon [_thread_blocked, id=728, stack(0x0000000016d90000,0x0000000016e90000)]
  0x00000000023a2000 JavaThread "Reference Handler" daemon [_thread_blocked, id=7368, stack(0x0000000016c90000,0x0000000016d90000)]
  0x00000000022b0800 JavaThread "main" [_thread_blocked, id=7776, stack(0x00000000021b0000,0x00000000022b0000)]

Other Threads:
  0x0000000014ec9800 VMThread [stack: 0x0000000016b90000,0x0000000016c90000] [id=9332]
  0x0000000017044800 WatcherThread [stack: 0x0000000017a90000,0x0000000017b90000] [id=3552]

VM state:not at safepoint (normal execution)

VM Mutex/Monitor currently owned by a thread: None

Heap:
 PSYoungGen      total 38400K, used 31290K [0x00000000eab00000, 0x00000000ed580000, 0x0000000100000000)
  eden space 33280K, 94% used [0x00000000eab00000,0x00000000ec98ea08,0x00000000ecb80000)
  from space 5120K, 0% used [0x00000000ed080000,0x00000000ed080000,0x00000000ed580000)
  to   space 5120K, 0% used [0x00000000ecb80000,0x00000000ecb80000,0x00000000ed080000)
 ParOldGen       total 87552K, used 0K [0x00000000c0000000, 0x00000000c5580000, 0x00000000eab00000)
  object space 87552K, 0% used [0x00000000c0000000,0x00000000c0000000,0x00000000c5580000)
 Metaspace       used 5909K, capacity 6832K, committed 7040K, reserved 1056768K
  class space    used 598K, capacity 616K, committed 640K, reserved 1048576K

Card table byte_map: [0x0000000011770000,0x0000000011980000] byte_map_base: 0x0000000011170000

Marking Bits: (ParMarkBitMap*) 0x000000006114a5b0
 Begin Bits: [0x00000000122e0000, 0x00000000132e0000)
 End Bits:   [0x00000000132e0000, 0x00000000142e0000)

Polling page: 0x0000000000430000

CodeCache: size=245760Kb used=4520Kb max_used=4520Kb free=241239Kb
 bounds [0x00000000023b0000, 0x0000000002820000, 0x00000000113b0000]
 total_blobs=1431 nmethods=1162 adapters=182
 compilation: enabled

Compilation events (10 events):
Event: 1.084 Thread 0x000000001702a000 nmethod 1168 0x0000000002817110 code [0x0000000002817260, 0x00000000028173f0]
Event: 1.084 Thread 0x000000001702a000 1169       3       com.android.dx.ssa.back.LivenessAnalyzer::coInterferePhis (128 bytes)
Event: 1.085 Thread 0x000000001702a000 nmethod 1169 0x0000000002817490 code [0x0000000002817720, 0x0000000002818a18]
Event: 1.085 Thread 0x000000001702a000 1172       3       com.android.dx.cf.code.BytecodeArray::processWorkSet (50 bytes)
Event: 1.085 Thread 0x000000001702a000 nmethod 1172 0x0000000002819410 code [0x00000000028195c0, 0x0000000002819b38]
Event: 1.085 Thread 0x000000001702a000 1170       3       com.android.dx.ssa.back.FirstFitLocalCombiningAllocator::handleNormalUnassociated (99 bytes)
Event: 1.104 Thread 0x000000001702a000 nmethod 1170 0x0000000002819dd0 code [0x000000000281a080, 0x000000000281b438]
Event: 1.104 Thread 0x000000001702a000 1181       3       com.android.dx.rop.code.RegisterSpecSet::equals (106 bytes)
Event: 1.105 Thread 0x000000001702a000 nmethod 1181 0x000000000281bed0 code [0x000000000281c0a0, 0x000000000281c8c8]
Event: 1.105 Thread 0x000000001702a000 1180       3       com.android.dx.ssa.SsaBasicBlock::replaceSuccessor (125 bytes)

GC Heap History (0 events):
No events

Deoptimization events (5 events):
Event: 0.682 Thread 0x0000000017204000 Uncommon trap: reason=unstable_if action=reinterpret pc=0x00000000025c5ff0 method=java.util.BitSet.nextSetBit(I)I @ 87
Event: 0.804 Thread 0x0000000017254000 Uncommon trap: reason=unstable_if action=reinterpret pc=0x00000000025d2e34 method=java.util.BitSet.ensureCapacity(I)V @ 6
Event: 0.884 Thread 0x0000000017201800 Uncommon trap: reason=unstable_if action=reinterpret pc=0x000000000261a9dc method=com.android.dx.rop.cst.Constant.compareTo(Lcom/android/dx/rop/cst/Constant;)I @ 12
Event: 0.935 Thread 0x0000000017204000 Uncommon trap: reason=null_check action=make_not_entrant pc=0x0000000002702528 method=com.android.dx.rop.type.Type.equals(Ljava/lang/Object;)Z @ 8
Event: 1.079 Thread 0x0000000017204000 Uncommon trap: reason=unstable_if action=reinterpret pc=0x000000000261d180 method=com.android.dx.rop.code.RegisterSpec.equals(ILcom/android/dx/rop/type/TypeBearer;Lcom/android/dx/rop/code/LocalItem;)Z @ 42

Internal exceptions (3 events):
Event: 0.030 Thread 0x00000000022b0800 Exception <a 'java/lang/NoSuchMethodError': Method sun.misc.Unsafe.defineClass(Ljava/lang/String;[BII)Ljava/lang/Class; name or signature does not match> (0x00000000eab0d6b8) thrown at [C:\re\workspace\8-2-build-windows-amd64-cygwin\jdk8u60\4407\hotspot\sr(rùl-Äû?
Event: 0.030 Thread 0x00000000022b0800 Exception <a 'java/lang/NoSuchMethodError': Method sun.misc.Unsafe.prefetchRead(Ljava/lang/Object;J)V name or signature does not match> (0x00000000eab0d9a0) thrown at [C:\re\workspace\8-2-build-windows-amd64-cygwin\jdk8u60\4407\hotspot\src\share\vm\prims\jù ^ÏÌ?
Event: 0.935 Thread 0x0000000017204000 Implicit null exception at 0x0000000002702422 to 0x000000000270251a

Events (10 events):
Event: 0.884 Thread 0x0000000017201800 DEOPT PACKING pc=0x000000000261a9dc sp=0x000000001868e780
Event: 0.884 Thread 0x0000000017201800 DEOPT UNPACKING pc=0x00000000023f582a sp=0x000000001868e720 mode 2
Event: 0.935 Thread 0x0000000017204000 Uncommon trap: trap_request=0xfffffff4 fr.pc=0x0000000002702528
Event: 0.935 Thread 0x0000000017204000 DEOPT PACKING pc=0x0000000002702528 sp=0x000000001878e6f0
Event: 0.935 Thread 0x0000000017204000 DEOPT UNPACKING pc=0x00000000023f582a sp=0x000000001878e688 mode 2
Event: 1.079 Thread 0x0000000017204000 Uncommon trap: trap_request=0xffffff65 fr.pc=0x000000000261d180
Event: 1.079 Thread 0x0000000017204000 DEOPT PACKING pc=0x000000000261d180 sp=0x000000001878e9f0
Event: 1.079 Thread 0x0000000017204000 DEOPT UNPACKING pc=0x00000000023f582a sp=0x000000001878e978 mode 2
Event: 1.086 Executing VM operation: ForceSafepoint
Event: 1.090 Executing VM operation: ForceSafepoint done


Dynamic libraries:
0x00007ff795320000 - 0x00007ff795357000 	C:\Program Files\Java\jdk1.8.0_60\bin\java.exe
0x00007ff921370000 - 0x00007ff921531000 	C:\WINDOWS\SYSTEM32\ntdll.dll
0x00007ff91ea20000 - 0x00007ff91eacd000 	C:\WINDOWS\system32\KERNEL32.DLL
0x00007ff91dd60000 - 0x00007ff91df48000 	C:\WINDOWS\system32\KERNELBASE.dll
0x00007ff91f3d0000 - 0x00007ff91f477000 	C:\WINDOWS\system32\ADVAPI32.dll
0x00007ff91ec90000 - 0x00007ff91ed2d000 	C:\WINDOWS\system32\msvcrt.dll
0x00007ff91f210000 - 0x00007ff91f26b000 	C:\WINDOWS\system32\sechost.dll
0x00007ff91f480000 - 0x00007ff91f59c000 	C:\WINDOWS\system32\RPCRT4.dll
0x00007ff920fd0000 - 0x00007ff921126000 	C:\WINDOWS\system32\USER32.dll
0x00007ff91e890000 - 0x00007ff91ea16000 	C:\WINDOWS\system32\GDI32.dll
0x00007ff91a110000 - 0x00007ff91a384000 	C:\WINDOWS\WinSxS\amd64_microsoft.windows.common-controls_6595b64144ccf1df_6.0.10586.0_none_8c15ae12515e1c22\COMCTL32.dll
0x00007ff91eda0000 - 0x00007ff91f01d000 	C:\WINDOWS\system32\combase.dll
0x00007ff91da20000 - 0x00007ff91da8a000 	C:\WINDOWS\system32\bcryptPrimitives.dll
0x00007ff91f5a0000 - 0x00007ff91f5db000 	C:\WINDOWS\system32\IMM32.DLL
0x00000000604c0000 - 0x0000000060592000 	C:\Program Files\Java\jdk1.8.0_60\jre\bin\msvcr100.dll
0x0000000060940000 - 0x00000000611c9000 	C:\Program Files\Java\jdk1.8.0_60\jre\bin\server\jvm.dll
0x00007ff91f020000 - 0x00007ff91f028000 	C:\WINDOWS\system32\PSAPI.DLL
0x00007ff91bc10000 - 0x00007ff91bc33000 	C:\WINDOWS\SYSTEM32\WINMM.dll
0x00007ff91c160000 - 0x00007ff91c169000 	C:\WINDOWS\SYSTEM32\WSOCK32.dll
0x00007ff91ed30000 - 0x00007ff91ed9b000 	C:\WINDOWS\system32\WS2_32.dll
0x00007ff91a440000 - 0x00007ff91a44a000 	C:\WINDOWS\SYSTEM32\VERSION.dll
0x00007ff91bbb0000 - 0x00007ff91bbdc000 	C:\WINDOWS\SYSTEM32\WINMMBASE.dll
0x00007ff91da90000 - 0x00007ff91dad3000 	C:\WINDOWS\system32\cfgmgr32.dll
0x0000000060930000 - 0x000000006093f000 	C:\Program Files\Java\jdk1.8.0_60\jre\bin\verify.dll
0x0000000060900000 - 0x0000000060929000 	C:\Program Files\Java\jdk1.8.0_60\jre\bin\java.dll
0x00000000608e0000 - 0x00000000608f6000 	C:\Program Files\Java\jdk1.8.0_60\jre\bin\zip.dll
0x00007ff91f640000 - 0x00007ff920b9f000 	C:\WINDOWS\system32\SHELL32.dll
0x00007ff91e120000 - 0x00007ff91e764000 	C:\WINDOWS\system32\windows.storage.dll
0x00007ff91f5e0000 - 0x00007ff91f632000 	C:\WINDOWS\system32\shlwapi.dll
0x00007ff91d9c0000 - 0x00007ff91d9cf000 	C:\WINDOWS\system32\kernel.appcore.dll
0x00007ff91e060000 - 0x00007ff91e115000 	C:\WINDOWS\system32\shcore.dll
0x00007ff91d9d0000 - 0x00007ff91da1b000 	C:\WINDOWS\system32\powrprof.dll
0x00007ff91d9a0000 - 0x00007ff91d9b4000 	C:\WINDOWS\system32\profapi.dll

VM Arguments:
jvm_args: -Djava.awt.headless=true -Xmx1024M -Dfile.encoding=windows-1252 -Duser.country=ES -Duser.language=es -Duser.variant 
java_command: com.android.dx.command.Main --dex --num-threads=4 --output C:\Users\lprub\Desktop\HistorialLlamadas\app\build\intermediates\pre-dexed\debug\com.android.support-recyclerview-v7-23.1.1_7f475c7cfe1ae5f34d8cc1d23f1f7f61cda244f1.jar C:\Users\lprub\Desktop\HistorialLlamadas\app\build\intermediates\exploded-aar\com.android.support\recyclerview-v7\23.1.1\jars\classes.jar
java_class_path (initial): C:\Users\lprub\AppData\Local\Android\sdk\build-tools\23.0.2\lib\dx.jar
Launcher Type: SUN_STANDARD

Environment Variables:
PATH=C:\ProgramData\Oracle\Java\javapath;C:\Program Files (x86)\Intel\iCLS Client\;C:\Program Files\Intel\iCLS Client\;C:\WINDOWS\system32;C:\WINDOWS;C:\WINDOWS\System32\Wbem;C:\WINDOWS\System32\WindowsPowerShell\v1.0\;C:\Program Files (x86)\NVIDIA Corporation\PhysX\Common;C:\Program Files (x86)\Intel\Intel(R) Management Engine Components\DAL;C:\Program Files\Intel\Intel(R) Management Engine Components\DAL;C:\Program Files (x86)\Intel\Intel(R) Management Engine Components\IPT;C:\Program Files\Intel\Intel(R) Management Engine Components\IPT;C:\Program Files (x86)\Brackets\command;C:\Program Files (x86)\Skype\Phone\;%SystemRoot%\system32;%SystemRoot%;%SystemRoot%\System32\Wbem;%SYSTEMROOT%\System32\WindowsPowerShell\v1.0\
USERNAME=lprub
OS=Windows_NT
PROCESSOR_IDENTIFIER=Intel64 Family 6 Model 60 Stepping 3, GenuineIntel



---------------  S Y S T E M  ---------------

OS: Windows 10.0 , 64 bit Build 10586 (10.0.10586.0)

CPU:total 8 (4 cores per cpu, 2 threads per core) family 6 model 60 stepping 3, cmov, cx8, fxsr, mmx, sse, sse2, sse3, ssse3, sse4.1, sse4.2, popcnt, avx, avx2, aes, clmul, erms, lzcnt, ht, tsc, tscinvbit, bmi1, bmi2

Memory: 4k page, physical 8314240k(1805864k free), swap 9362816k(5968k free)

vm_info: Java HotSpot(TM) 64-Bit Server VM (25.60-b23) for windows-amd64 JRE (1.8.0_60-b27), built on Aug  4 2015 11:06:27 by "java_re" with MS VC++ 10.0 (VS2010)

time: Tue Feb 02 18:43:40 2016
elapsed time: 1 seconds (0d 0h 0m 1s)

