#
# There is insufficient memory for the Java Runtime Environment to continue.
# Native memory allocation (malloc) failed to allocate 1048576 bytes for AllocateHeap
# Possible reasons:
#   The system is out of physical RAM or swap space
#   In 32 bit mode, the process size limit was hit
# Possible solutions:
#   Reduce memory load on the system
#   Increase physical memory or swap space
#   Check if swap backing store is full
#   Use 64 bit Java on a 64 bit OS
#   Decrease Java heap size (-Xmx/-Xms)
#   Decrease number of Java threads
#   Decrease Java thread stack sizes (-Xss)
#   Set larger code cache with -XX:ReservedCodeCacheSize=
# This output file may be truncated or incomplete.
#
#  Out of Memory Error (memory/allocation.inline.hpp:61), pid=1980, tid=428
#
# JRE version:  (8.0_60-b27) (build )
# Java VM: Java HotSpot(TM) 64-Bit Server VM (25.60-b23 mixed mode windows-amd64 compressed oops)
# Failed to write core dump. Minidumps are not enabled by default on client versions of Windows
#

---------------  T H R E A D  ---------------

Current thread (0x0000000002ef0800):  JavaThread "Unknown thread" [_thread_in_vm, id=428, stack(0x0000000002df0000,0x0000000002ef0000)]

Stack: [0x0000000002df0000,0x0000000002ef0000]
[error occurred during error reporting (printing stack bounds), id 0xc0000005]

Native frames: (J=compiled Java code, j=interpreted, Vv=VM code, C=native code)


---------------  P R O C E S S  ---------------

Java Threads: ( => current thread )

Other Threads:

=>0x0000000002ef0800 (exited) JavaThread "Unknown thread" [_thread_in_vm, id=428, stack(0x0000000002df0000,0x0000000002ef0000)]

VM state:not at safepoint (normal execution)

VM Mutex/Monitor currently owned by a thread: None

Heap:
 PSYoungGen      total 38400K, used 665K [0x00000000eab00000, 0x00000000ed580000, 0x0000000100000000)
  eden space 33280K, 2% used [0x00000000eab00000,0x00000000eaba6670,0x00000000ecb80000)
  from space 5120K, 0% used [0x00000000ed080000,0x00000000ed080000,0x00000000ed580000)
  to   space 5120K, 0% used [0x00000000ecb80000,0x00000000ecb80000,0x00000000ed080000)
 ParOldGen       total 87552K, used 0K [0x00000000c0000000, 0x00000000c5580000, 0x00000000eab00000)
  object space 87552K, 0% used [0x00000000c0000000,0x00000000c0000000,0x00000000c5580000)
 Metaspace       used 767K, capacity 4480K, committed 4480K, reserved 1056768K
  class space    used 75K, capacity 384K, committed 384K, reserved 1048576K

Card table byte_map: [0x00000000123b0000,0x00000000125c0000] byte_map_base: 0x0000000011db0000

Marking Bits: (ParMarkBitMap*) 0x000000006719a5b0
 Begin Bits: [0x0000000012f20000, 0x0000000013f20000)
 End Bits:   [0x0000000013f20000, 0x0000000014f20000)

Polling page: 0x0000000002c80000

CodeCache: size=245760Kb used=328Kb max_used=328Kb free=245431Kb
 bounds [0x0000000002ff0000, 0x0000000003260000, 0x0000000011ff0000]
 total_blobs=57 nmethods=0 adapters=37
 compilation: enabled

Compilation events (0 events):
No events

GC Heap History (0 events):
No events

Deoptimization events (0 events):
No events

Internal exceptions (0 events):
No events

Events (10 events):
Event: 0.033 loading class java/lang/Short
Event: 0.033 loading class java/lang/Short done
Event: 0.033 loading class java/lang/Integer
Event: 0.033 loading class java/lang/Integer done
Event: 0.033 loading class java/lang/Long
Event: 0.033 loading class java/lang/Long done
Event: 0.034 loading class java/lang/NullPointerException
Event: 0.034 loading class java/lang/NullPointerException done
Event: 0.034 loading class java/lang/ArithmeticException
Event: 0.034 loading class java/lang/ArithmeticException done


Dynamic libraries:
0x00007ff67be80000 - 0x00007ff67beb7000 	C:\Program Files\Java\jdk1.8.0_60\bin\java.exe
0x00007fff3d490000 - 0x00007fff3d651000 	C:\WINDOWS\SYSTEM32\ntdll.dll
0x00007fff3d0a0000 - 0x00007fff3d14d000 	C:\WINDOWS\system32\KERNEL32.DLL
0x00007fff3a640000 - 0x00007fff3a81d000 	C:\WINDOWS\system32\KERNELBASE.dll
0x00007fff3cd20000 - 0x00007fff3cdc6000 	C:\WINDOWS\system32\ADVAPI32.dll
0x00007fff3ae00000 - 0x00007fff3ae9d000 	C:\WINDOWS\system32\msvcrt.dll
0x00007fff3cf30000 - 0x00007fff3cf8b000 	C:\WINDOWS\system32\sechost.dll
0x00007fff3ab60000 - 0x00007fff3ac86000 	C:\WINDOWS\system32\RPCRT4.dll
0x00007fff3ac90000 - 0x00007fff3adde000 	C:\WINDOWS\system32\USER32.dll
0x00007fff3cb10000 - 0x00007fff3cc96000 	C:\WINDOWS\system32\GDI32.dll
0x00007fff36c50000 - 0x00007fff36ec4000 	C:\WINDOWS\WinSxS\amd64_microsoft.windows.common-controls_6595b64144ccf1df_6.0.10240.16384_none_f41f7b285750ef43\COMCTL32.dll
0x00007fff3b190000 - 0x00007fff3b1c6000 	C:\WINDOWS\system32\IMM32.DLL
0x00007fff3c700000 - 0x00007fff3c85c000 	C:\WINDOWS\system32\MSCTF.dll
0x0000000066510000 - 0x00000000665e2000 	C:\Program Files\Java\jdk1.8.0_60\jre\bin\msvcr100.dll
0x0000000066990000 - 0x0000000067219000 	C:\Program Files\Java\jdk1.8.0_60\jre\bin\server\jvm.dll
0x00007fff3aea0000 - 0x00007fff3aea8000 	C:\WINDOWS\system32\PSAPI.DLL
0x00007fff36fb0000 - 0x00007fff36fb9000 	C:\WINDOWS\SYSTEM32\WSOCK32.dll
0x00007fff38510000 - 0x00007fff38533000 	C:\WINDOWS\SYSTEM32\WINMM.dll
0x00007fff3cca0000 - 0x00007fff3cd09000 	C:\WINDOWS\system32\WS2_32.dll
0x00007fff3cdd0000 - 0x00007fff3cdd8000 	C:\WINDOWS\system32\NSI.dll
0x00007fff36f80000 - 0x00007fff36f8a000 	C:\WINDOWS\SYSTEM32\VERSION.dll
0x00007fff384b0000 - 0x00007fff384dc000 	C:\WINDOWS\SYSTEM32\WINMMBASE.dll
0x00007fff3aab0000 - 0x00007fff3aaf4000 	C:\WINDOWS\system32\cfgmgr32.dll
0x00007fff38830000 - 0x00007fff38857000 	C:\WINDOWS\SYSTEM32\DEVOBJ.dll
0x0000000066980000 - 0x000000006698f000 	C:\Program Files\Java\jdk1.8.0_60\jre\bin\verify.dll
0x0000000066950000 - 0x0000000066979000 	C:\Program Files\Java\jdk1.8.0_60\jre\bin\java.dll
0x0000000066930000 - 0x0000000066946000 	C:\Program Files\Java\jdk1.8.0_60\jre\bin\zip.dll

VM Arguments:
jvm_args: -Djava.awt.headless=true -Xmx1024M -Dfile.encoding=windows-1252 -Duser.country=ES -Duser.language=es -Duser.variant 
java_command: com.android.dx.command.Main --dex --num-threads=4 --output C:\Users\lprub\Desktop\HistorialLlamadas\app\build\intermediates\pre-dexed\debug\com.android.support-design-23.1.1_956e5cc360fa9144d73de4775dfb447b511bf2d5.jar C:\Users\lprub\Desktop\HistorialLlamadas\app\build\intermediates\exploded-aar\com.android.support\design\23.1.1\jars\classes.jar
java_class_path (initial): C:\Users\lprub\AppData\Local\Android\sdk\build-tools\23.0.2\lib\dx.jar
Launcher Type: SUN_STANDARD

Environment Variables:
PATH=C:\ProgramData\Oracle\Java\javapath;C:\Program Files (x86)\Intel\iCLS Client\;C:\Program Files\Intel\iCLS Client\;C:\WINDOWS\system32;C:\WINDOWS;C:\WINDOWS\System32\Wbem;C:\WINDOWS\System32\WindowsPowerShell\v1.0\;C:\Program Files (x86)\NVIDIA Corporation\PhysX\Common;C:\Program Files (x86)\Intel\Intel(R) Management Engine Components\DAL;C:\Program Files\Intel\Intel(R) Management Engine Components\DAL;C:\Program Files (x86)\Intel\Intel(R) Management Engine Components\IPT;C:\Program Files\Intel\Intel(R) Management Engine Components\IPT;C:\Program Files (x86)\Brackets\command;C:\Program Files (x86)\Skype\Phone\
USERNAME=lprub
OS=Windows_NT
PROCESSOR_IDENTIFIER=Intel64 Family 6 Model 60 Stepping 3, GenuineIntel



---------------  S Y S T E M  ---------------

OS: Windows 10.0 , 64 bit Build 10240 (10.0.10240.16384)

CPU:total 8 (4 cores per cpu, 2 threads per core) family 6 model 60 stepping 3, cmov, cx8, fxsr, mmx, sse, sse2, sse3, ssse3, sse4.1, sse4.2, popcnt, avx, avx2, aes, clmul, erms, lzcnt, ht, tsc, tscinvbit, bmi1, bmi2

Memory: 4k page, physical 8314240k(1595820k free), swap 9362816k(6848k free)

vm_info: Java HotSpot(TM) 64-Bit Server VM (25.60-b23) for windows-amd64 JRE (1.8.0_60-b27), built on Aug  4 2015 11:06:27 by "java_re" with MS VC++ 10.0 (VS2010)

time: Wed Jan 27 14:07:47 2016
elapsed time: 0 seconds (0d 0h 0m 0s)

