#
# There is insufficient memory for the Java Runtime Environment to continue.
# Native memory allocation (malloc) failed to allocate 332176 bytes for Chunk::new
# Possible reasons:
#   The system is out of physical RAM or swap space
#   In 32 bit mode, the process size limit was hit
# Possible solutions:
#   Reduce memory load on the system
#   Increase physical memory or swap space
#   Check if swap backing store is full
#   Use 64 bit Java on a 64 bit OS
#   Decrease Java heap size (-Xmx/-Xms)
#   Decrease number of Java threads
#   Decrease Java thread stack sizes (-Xss)
#   Set larger code cache with -XX:ReservedCodeCacheSize=
# This output file may be truncated or incomplete.
#
#  Out of Memory Error (allocation.cpp:390), pid=9400, tid=3468
#
# JRE version: Java(TM) SE Runtime Environment (8.0_60-b27) (build 1.8.0_60-b27)
# Java VM: Java HotSpot(TM) 64-Bit Server VM (25.60-b23 mixed mode windows-amd64 compressed oops)
# Failed to write core dump. Minidumps are not enabled by default on client versions of Windows
#

---------------  T H R E A D  ---------------

Current thread (0x0000000016ff2800):  JavaThread "C2 CompilerThread2" daemon [_thread_in_native, id=3468, stack(0x00000000177c0000,0x00000000178c0000)]

Stack: [0x00000000177c0000,0x00000000178c0000]
[error occurred during error reporting (printing stack bounds), id 0xc0000005]

Native frames: (J=compiled Java code, j=interpreted, Vv=VM code, C=native code)


Current CompileTask:
C2:    398  591       4       java.util.TreeMap::put (247 bytes)


---------------  P R O C E S S  ---------------

Java Threads: ( => current thread )
  0x0000000017275000 JavaThread "pool-1-thread-4" [_thread_in_Java, id=8540, stack(0x0000000017fc0000,0x00000000180c0000)]
  0x0000000017273800 JavaThread "pool-1-thread-3" [_thread_new, id=1924, stack(0x0000000000000000,0x0000000000000000)]
  0x00000000171dc000 JavaThread "pool-1-thread-2" [_thread_new, id=772, stack(0x0000000000000000,0x0000000000000000)]
  0x00000000171d9000 JavaThread "pool-2-thread-1" [_thread_blocked, id=1724, stack(0x0000000017cc0000,0x0000000017dc0000)]
  0x00000000171d3800 JavaThread "pool-1-thread-1" [_thread_blocked, id=2512, stack(0x0000000017bc0000,0x0000000017cc0000)]
  0x000000001708a800 JavaThread "Service Thread" daemon [_thread_blocked, id=1140, stack(0x00000000179c0000,0x0000000017ac0000)]
  0x0000000016ff5800 JavaThread "C1 CompilerThread3" daemon [_thread_in_native, id=4864, stack(0x00000000178c0000,0x00000000179c0000)]
=>0x0000000016ff2800 JavaThread "C2 CompilerThread2" daemon [_thread_in_native, id=3468, stack(0x00000000177c0000,0x00000000178c0000)]
  0x0000000016ff0800 JavaThread "C2 CompilerThread1" daemon [_thread_in_native, id=8048, stack(0x00000000176c0000,0x00000000177c0000)]
  0x0000000016fe7000 JavaThread "C2 CompilerThread0" daemon [_thread_in_native, id=2800, stack(0x00000000175c0000,0x00000000176c0000)]
  0x0000000016fe4800 JavaThread "Attach Listener" daemon [_thread_blocked, id=6728, stack(0x00000000174c0000,0x00000000175c0000)]
  0x0000000014f0e800 JavaThread "Signal Dispatcher" daemon [_thread_blocked, id=3216, stack(0x00000000173c0000,0x00000000174c0000)]
  0x00000000023da000 JavaThread "Finalizer" daemon [_thread_blocked, id=8244, stack(0x0000000016dc0000,0x0000000016ec0000)]
  0x0000000014efd000 JavaThread "Reference Handler" daemon [_thread_blocked, id=7276, stack(0x0000000016cc0000,0x0000000016dc0000)]
  0x00000000022e0800 JavaThread "main" [_thread_in_Java, id=2772, stack(0x00000000021e0000,0x00000000022e0000)]

Other Threads:
  0x0000000014ef8800 VMThread [stack: 0x0000000016bc0000,0x0000000016cc0000] [id=6716]
  0x00000000170a5000 WatcherThread [stack: 0x0000000017ac0000,0x0000000017bc0000] [id=1500]

VM state:not at safepoint (normal execution)

VM Mutex/Monitor currently owned by a thread: None

Heap:
 PSYoungGen      total 38400K, used 13612K [0x00000000eab00000, 0x00000000ed580000, 0x0000000100000000)
  eden space 33280K, 40% used [0x00000000eab00000,0x00000000eb84b3f8,0x00000000ecb80000)
  from space 5120K, 0% used [0x00000000ed080000,0x00000000ed080000,0x00000000ed580000)
  to   space 5120K, 0% used [0x00000000ecb80000,0x00000000ecb80000,0x00000000ed080000)
 ParOldGen       total 87552K, used 0K [0x00000000c0000000, 0x00000000c5580000, 0x00000000eab00000)
  object space 87552K, 0% used [0x00000000c0000000,0x00000000c0000000,0x00000000c5580000)
 Metaspace       used 5325K, capacity 6512K, committed 6784K, reserved 1056768K
  class space    used 571K, capacity 616K, committed 640K, reserved 1048576K

Card table byte_map: [0x00000000117a0000,0x00000000119b0000] byte_map_base: 0x00000000111a0000

Marking Bits: (ParMarkBitMap*) 0x000000006114a5b0
 Begin Bits: [0x0000000012310000, 0x0000000013310000)
 End Bits:   [0x0000000013310000, 0x0000000014310000)

Polling page: 0x0000000000870000

CodeCache: size=245760Kb used=2553Kb max_used=2553Kb free=243206Kb
 bounds [0x00000000023e0000, 0x0000000002670000, 0x00000000113e0000]
 total_blobs=868 nmethods=607 adapters=174
 compilation: enabled

Compilation events (10 events):
Event: 0.396 Thread 0x0000000016ff5800 nmethod 600 0x0000000002658590 code [0x0000000002658700, 0x00000000026589e8]
Event: 0.396 Thread 0x0000000016ff5800  601       3       com.android.dx.rop.cst.CstNat::hashCode (19 bytes)
Event: 0.396 Thread 0x0000000016ff5800 nmethod 601 0x0000000002657d90 code [0x0000000002657f20, 0x00000000026583d8]
Event: 0.396 Thread 0x0000000016ff5800  579       3       com.android.dx.ssa.LiteralOpUpgrader::access$000 (6 bytes)
Event: 0.396 Thread 0x0000000016ff5800 nmethod 579 0x00000000026579d0 code [0x0000000002657b40, 0x0000000002657ca8]
Event: 0.396 Thread 0x0000000016ff5800  580       3       com.android.dx.ssa.LiteralOpUpgrader::tryReplacingWithConstant (161 bytes)
Event: 0.397 Thread 0x0000000016ff5800 nmethod 580 0x000000000265c050 code [0x000000000265c300, 0x000000000265d838]
Event: 0.397 Thread 0x0000000016ff5800  582       1       java.util.concurrent.atomic.AtomicInteger::get (5 bytes)
Event: 0.397 Thread 0x0000000016ff5800 nmethod 582 0x000000000265e310 code [0x000000000265e460, 0x000000000265e570]
Event: 0.398 Thread 0x0000000016fe7000  605       4       java.util.TreeMap::getEntry (84 bytes)

GC Heap History (0 events):
No events

Deoptimization events (10 events):
Event: 0.242 Thread 0x00000000171d3800 Uncommon trap: reason=class_check action=maybe_recompile pc=0x0000000002582f98 method=com.android.dx.rop.cst.Constant.compareTo(Ljava/lang/Object;)I @ 2
Event: 0.242 Thread 0x00000000171d3800 Uncommon trap: reason=class_check action=maybe_recompile pc=0x0000000002582f98 method=com.android.dx.rop.cst.Constant.compareTo(Ljava/lang/Object;)I @ 2
Event: 0.243 Thread 0x00000000171d3800 Uncommon trap: reason=class_check action=maybe_recompile pc=0x0000000002582f98 method=com.android.dx.rop.cst.Constant.compareTo(Ljava/lang/Object;)I @ 2
Event: 0.328 Thread 0x0000000017275000 Uncommon trap: reason=unstable_if action=reinterpret pc=0x00000000025803c0 method=com.android.dx.rop.cst.CstMemberRef.compareTo0(Lcom/android/dx/rop/cst/Constant;)I @ 18
Event: 0.328 Thread 0x0000000017275000 Uncommon trap: reason=unstable_if action=reinterpret pc=0x0000000002584df8 method=com.android.dx.rop.cst.CstMemberRef.compareTo0(Lcom/android/dx/rop/cst/Constant;)I @ 18
Event: 0.341 Thread 0x00000000171d3800 Uncommon trap: reason=speculate_class_check action=maybe_recompile pc=0x00000000025c53b0 method=com.android.dx.rop.cst.Constant.compareTo(Lcom/android/dx/rop/cst/Constant;)I @ 29
Event: 0.342 Thread 0x00000000022e0800 Uncommon trap: reason=speculate_class_check action=maybe_recompile pc=0x00000000025c53b0 method=com.android.dx.rop.cst.Constant.compareTo(Lcom/android/dx/rop/cst/Constant;)I @ 29
Event: 0.342 Thread 0x00000000022e0800 Uncommon trap: reason=speculate_class_check action=maybe_recompile pc=0x00000000025c53b0 method=com.android.dx.rop.cst.Constant.compareTo(Lcom/android/dx/rop/cst/Constant;)I @ 29
Event: 0.342 Thread 0x00000000171d3800 Uncommon trap: reason=speculate_class_check action=maybe_recompile pc=0x00000000025c53b0 method=com.android.dx.rop.cst.Constant.compareTo(Lcom/android/dx/rop/cst/Constant;)I @ 29
Event: 0.385 Thread 0x00000000022e0800 Uncommon trap: reason=unstable_if action=reinterpret pc=0x00000000025d1e18 method=com.android.dx.rop.cst.CstFieldRef.compareTo0(Lcom/android/dx/rop/cst/Constant;)I @ 7

Internal exceptions (2 events):
Event: 0.039 Thread 0x00000000022e0800 Exception <a 'java/lang/NoSuchMethodError': Method sun.misc.Unsafe.defineClass(Ljava/lang/String;[BII)Ljava/lang/Class; name or signature does not match> (0x00000000eab0d5f8) thrown at [C:\re\workspace\8-2-build-windows-amd64-cygwin\jdk8u60\4407\hotspot\srzC(‚¤?
Event: 0.039 Thread 0x00000000022e0800 Exception <a 'java/lang/NoSuchMethodError': Method sun.misc.Unsafe.prefetchRead(Ljava/lang/Object;J)V name or signature does not match> (0x00000000eab0d8e0) thrown at [C:\re\workspace\8-2-build-windows-amd64-cygwin\jdk8u60\4407\hotspot\src\share\vm\prims\j

Events (10 events):
Event: 0.342 Thread 0x00000000022e0800 DEOPT PACKING pc=0x00000000025c53b0 sp=0x00000000022de1e0
Event: 0.342 Thread 0x00000000022e0800 DEOPT UNPACKING pc=0x000000000242582a sp=0x00000000022de110 mode 2
Event: 0.342 Thread 0x00000000171d3800 Uncommon trap: trap_request=0xffffff76 fr.pc=0x00000000025c53b0
Event: 0.342 Thread 0x00000000171d3800 DEOPT PACKING pc=0x00000000025c53b0 sp=0x0000000017cbf0a0
Event: 0.342 Thread 0x00000000171d3800 DEOPT UNPACKING pc=0x000000000242582a sp=0x0000000017cbefd0 mode 2
Event: 0.342 loading class com/android/dx/cf/code/BytecodeArray$ConstantParserVisitor
Event: 0.342 loading class com/android/dx/cf/code/BytecodeArray$ConstantParserVisitor done
Event: 0.385 Thread 0x00000000022e0800 Uncommon trap: trap_request=0xffffff65 fr.pc=0x00000000025d1e18
Event: 0.385 Thread 0x00000000022e0800 DEOPT PACKING pc=0x00000000025d1e18 sp=0x00000000022de320
Event: 0.385 Thread 0x00000000022e0800 DEOPT UNPACKING pc=0x000000000242582a sp=0x00000000022de1d8 mode 2


Dynamic libraries:
0x00007ff795320000 - 0x00007ff795357000 	C:\Program Files\Java\jdk1.8.0_60\bin\java.exe
0x00007ff921370000 - 0x00007ff921531000 	C:\WINDOWS\SYSTEM32\ntdll.dll
0x00007ff91ea20000 - 0x00007ff91eacd000 	C:\WINDOWS\system32\KERNEL32.DLL
0x00007ff91dd60000 - 0x00007ff91df48000 	C:\WINDOWS\system32\KERNELBASE.dll
0x00007ff91f3d0000 - 0x00007ff91f477000 	C:\WINDOWS\system32\ADVAPI32.dll
0x00007ff91ec90000 - 0x00007ff91ed2d000 	C:\WINDOWS\system32\msvcrt.dll
0x00007ff91f210000 - 0x00007ff91f26b000 	C:\WINDOWS\system32\sechost.dll
0x00007ff91f480000 - 0x00007ff91f59c000 	C:\WINDOWS\system32\RPCRT4.dll
0x00007ff920fd0000 - 0x00007ff921126000 	C:\WINDOWS\system32\USER32.dll
0x00007ff91e890000 - 0x00007ff91ea16000 	C:\WINDOWS\system32\GDI32.dll
0x00007ff91a110000 - 0x00007ff91a384000 	C:\WINDOWS\WinSxS\amd64_microsoft.windows.common-controls_6595b64144ccf1df_6.0.10586.0_none_8c15ae12515e1c22\COMCTL32.dll
0x00007ff91eda0000 - 0x00007ff91f01d000 	C:\WINDOWS\system32\combase.dll
0x00007ff91da20000 - 0x00007ff91da8a000 	C:\WINDOWS\system32\bcryptPrimitives.dll
0x00007ff91f5a0000 - 0x00007ff91f5db000 	C:\WINDOWS\system32\IMM32.DLL
0x00000000604c0000 - 0x0000000060592000 	C:\Program Files\Java\jdk1.8.0_60\jre\bin\msvcr100.dll
0x0000000060940000 - 0x00000000611c9000 	C:\Program Files\Java\jdk1.8.0_60\jre\bin\server\jvm.dll
0x00007ff91f020000 - 0x00007ff91f028000 	C:\WINDOWS\system32\PSAPI.DLL
0x00007ff91c160000 - 0x00007ff91c169000 	C:\WINDOWS\SYSTEM32\WSOCK32.dll
0x00007ff91bc10000 - 0x00007ff91bc33000 	C:\WINDOWS\SYSTEM32\WINMM.dll
0x00007ff91ed30000 - 0x00007ff91ed9b000 	C:\WINDOWS\system32\WS2_32.dll
0x00007ff91a440000 - 0x00007ff91a44a000 	C:\WINDOWS\SYSTEM32\VERSION.dll
0x00000000021b0000 - 0x00000000021dc000 	C:\WINDOWS\SYSTEM32\WINMMBASE.dll
0x00007ff91da90000 - 0x00007ff91dad3000 	C:\WINDOWS\system32\cfgmgr32.dll
0x0000000060930000 - 0x000000006093f000 	C:\Program Files\Java\jdk1.8.0_60\jre\bin\verify.dll
0x0000000060900000 - 0x0000000060929000 	C:\Program Files\Java\jdk1.8.0_60\jre\bin\java.dll
0x00000000608e0000 - 0x00000000608f6000 	C:\Program Files\Java\jdk1.8.0_60\jre\bin\zip.dll
0x00007ff91f640000 - 0x00007ff920b9f000 	C:\WINDOWS\system32\SHELL32.dll
0x00007ff91e120000 - 0x00007ff91e764000 	C:\WINDOWS\system32\windows.storage.dll
0x00007ff91f5e0000 - 0x00007ff91f632000 	C:\WINDOWS\system32\shlwapi.dll
0x00007ff91d9c0000 - 0x00007ff91d9cf000 	C:\WINDOWS\system32\kernel.appcore.dll
0x00007ff91e060000 - 0x00007ff91e115000 	C:\WINDOWS\system32\shcore.dll
0x00007ff91d9d0000 - 0x00007ff91da1b000 	C:\WINDOWS\system32\powrprof.dll
0x00007ff91d9a0000 - 0x00007ff91d9b4000 	C:\WINDOWS\system32\profapi.dll

VM Arguments:
jvm_args: -Djava.awt.headless=true -Xmx1024M -Dfile.encoding=windows-1252 -Duser.country=ES -Duser.language=es -Duser.variant 
java_command: com.android.dx.command.Main --dex --num-threads=4 --output C:\Users\lprub\Desktop\HistorialLlamadas\app\build\intermediates\pre-dexed\debug\debug_05dfc20954455042ad9e0a806ccdeb170e8abf20.jar C:\Users\lprub\Desktop\HistorialLlamadas\app\build\intermediates\classes\debug
java_class_path (initial): C:\Users\lprub\AppData\Local\Android\sdk\build-tools\23.0.2\lib\dx.jar
Launcher Type: SUN_STANDARD

Environment Variables:
PATH=C:\ProgramData\Oracle\Java\javapath;C:\Program Files (x86)\Intel\iCLS Client\;C:\Program Files\Intel\iCLS Client\;C:\WINDOWS\system32;C:\WINDOWS;C:\WINDOWS\System32\Wbem;C:\WINDOWS\System32\WindowsPowerShell\v1.0\;C:\Program Files (x86)\NVIDIA Corporation\PhysX\Common;C:\Program Files (x86)\Intel\Intel(R) Management Engine Components\DAL;C:\Program Files\Intel\Intel(R) Management Engine Components\DAL;C:\Program Files (x86)\Intel\Intel(R) Management Engine Components\IPT;C:\Program Files\Intel\Intel(R) Management Engine Components\IPT;C:\Program Files (x86)\Brackets\command;C:\Program Files (x86)\Skype\Phone\;%SystemRoot%\system32;%SystemRoot%;%SystemRoot%\System32\Wbem;%SYSTEMROOT%\System32\WindowsPowerShell\v1.0\
USERNAME=lprub
OS=Windows_NT
PROCESSOR_IDENTIFIER=Intel64 Family 6 Model 60 Stepping 3, GenuineIntel



---------------  S Y S T E M  ---------------

OS: Windows 10.0 , 64 bit Build 10586 (10.0.10586.0)

CPU:total 8 (4 cores per cpu, 2 threads per core) family 6 model 60 stepping 3, cmov, cx8, fxsr, mmx, sse, sse2, sse3, ssse3, sse4.1, sse4.2, popcnt, avx, avx2, aes, clmul, erms, lzcnt, ht, tsc, tscinvbit, bmi1, bmi2

Memory: 4k page, physical 8314240k(1895776k free), swap 9362816k(5384k free)

vm_info: Java HotSpot(TM) 64-Bit Server VM (25.60-b23) for windows-amd64 JRE (1.8.0_60-b27), built on Aug  4 2015 11:06:27 by "java_re" with MS VC++ 10.0 (VS2010)

time: Tue Feb 02 18:38:15 2016
elapsed time: 0 seconds (0d 0h 0m 0s)

