#
# There is insufficient memory for the Java Runtime Environment to continue.
# Native memory allocation (malloc) failed to allocate 65552 bytes for Chunk::new
# Possible reasons:
#   The system is out of physical RAM or swap space
#   In 32 bit mode, the process size limit was hit
# Possible solutions:
#   Reduce memory load on the system
#   Increase physical memory or swap space
#   Check if swap backing store is full
#   Use 64 bit Java on a 64 bit OS
#   Decrease Java heap size (-Xmx/-Xms)
#   Decrease number of Java threads
#   Decrease Java thread stack sizes (-Xss)
#   Set larger code cache with -XX:ReservedCodeCacheSize=
# This output file may be truncated or incomplete.
#
#  Out of Memory Error (allocation.cpp:390), pid=8264, tid=7260
#
# JRE version: Java(TM) SE Runtime Environment (8.0_60-b27) (build 1.8.0_60-b27)
# Java VM: Java HotSpot(TM) 64-Bit Server VM (25.60-b23 mixed mode windows-amd64 compressed oops)
# Failed to write core dump. Minidumps are not enabled by default on client versions of Windows
#

---------------  T H R E A D  ---------------

Current thread (0x00000000176d5800):  JavaThread "C2 CompilerThread2" daemon [_thread_in_native, id=7260, stack(0x0000000017ea0000,0x0000000017fa0000)]

Stack: [0x0000000017ea0000,0x0000000017fa0000]
[error occurred during error reporting (printing stack bounds), id 0xc0000005]

Native frames: (J=compiled Java code, j=interpreted, Vv=VM code, C=native code)


Current CompileTask:
C2:   1026 1144   !   4       com.android.dx.cf.code.BytecodeArray::parseInstruction (2764 bytes)


---------------  P R O C E S S  ---------------

Java Threads: ( => current thread )
  0x0000000018339000 JavaThread "pool-1-thread-4" [_thread_in_Java, id=5504, stack(0x0000000018ea0000,0x0000000018fa0000)]
  0x00000000182d0800 JavaThread "pool-1-thread-3" [_thread_in_Java, id=1760, stack(0x0000000018da0000,0x0000000018ea0000)]
  0x00000000179cf800 JavaThread "pool-1-thread-2" [_thread_blocked, id=2356, stack(0x0000000018ca0000,0x0000000018da0000)]
  0x00000000179cf000 JavaThread "pool-2-thread-1" [_thread_blocked, id=4052, stack(0x0000000018ba0000,0x0000000018ca0000)]
  0x0000000017985000 JavaThread "pool-1-thread-1" [_thread_blocked, id=7984, stack(0x0000000018aa0000,0x0000000018ba0000)]
  0x0000000017753000 JavaThread "Service Thread" daemon [_thread_blocked, id=3584, stack(0x00000000180a0000,0x00000000181a0000)]
  0x0000000017700800 JavaThread "C1 CompilerThread3" daemon [_thread_in_vm, id=8588, stack(0x0000000017fa0000,0x00000000180a0000)]
=>0x00000000176d5800 JavaThread "C2 CompilerThread2" daemon [_thread_in_native, id=7260, stack(0x0000000017ea0000,0x0000000017fa0000)]
  0x00000000176d0800 JavaThread "C2 CompilerThread1" daemon [_thread_in_native, id=3872, stack(0x0000000017da0000,0x0000000017ea0000)]
  0x00000000176c7000 JavaThread "C2 CompilerThread0" daemon [_thread_in_vm, id=7484, stack(0x0000000017ca0000,0x0000000017da0000)]
  0x00000000176c5800 JavaThread "Attach Listener" daemon [_thread_blocked, id=6868, stack(0x0000000017ba0000,0x0000000017ca0000)]
  0x00000000176c5000 JavaThread "Signal Dispatcher" daemon [_thread_blocked, id=6324, stack(0x0000000017aa0000,0x0000000017ba0000)]
  0x0000000002a9b000 JavaThread "Finalizer" daemon [_thread_blocked, id=7044, stack(0x00000000174a0000,0x00000000175a0000)]
  0x0000000002a94000 JavaThread "Reference Handler" daemon [_thread_blocked, id=8912, stack(0x00000000173a0000,0x00000000174a0000)]
  0x00000000029a0800 JavaThread "main" [_thread_blocked, id=7332, stack(0x00000000028a0000,0x00000000029a0000)]

Other Threads:
  0x00000000155b9800 VMThread [stack: 0x00000000172a0000,0x00000000173a0000] [id=7116]
  0x0000000017755000 WatcherThread [stack: 0x00000000181a0000,0x00000000182a0000] [id=7732]

VM state:not at safepoint (normal execution)

VM Mutex/Monitor currently owned by a thread: None

Heap:
 PSYoungGen      total 38400K, used 13375K [0x00000000eab00000, 0x00000000ef600000, 0x0000000100000000)
  eden space 33280K, 24% used [0x00000000eab00000,0x00000000eb311ae0,0x00000000ecb80000)
  from space 5120K, 99% used [0x00000000ecb80000,0x00000000ed07e448,0x00000000ed080000)
  to   space 5120K, 0% used [0x00000000ef100000,0x00000000ef100000,0x00000000ef600000)
 ParOldGen       total 87552K, used 869K [0x00000000c0000000, 0x00000000c5580000, 0x00000000eab00000)
  object space 87552K, 0% used [0x00000000c0000000,0x00000000c00d9438,0x00000000c5580000)
 Metaspace       used 5912K, capacity 6832K, committed 7040K, reserved 1056768K
  class space    used 596K, capacity 616K, committed 640K, reserved 1048576K

Card table byte_map: [0x0000000011e60000,0x0000000012070000] byte_map_base: 0x0000000011860000

Marking Bits: (ParMarkBitMap*) 0x000000006719a5b0
 Begin Bits: [0x00000000129d0000, 0x00000000139d0000)
 End Bits:   [0x00000000139d0000, 0x00000000149d0000)

Polling page: 0x0000000001040000

CodeCache: size=245760Kb used=4516Kb max_used=4516Kb free=241243Kb
 bounds [0x0000000002aa0000, 0x0000000002f10000, 0x0000000011aa0000]
 total_blobs=1432 nmethods=1161 adapters=182
 compilation: enabled

Compilation events (10 events):
Event: 1.024 Thread 0x0000000017700800 nmethod 1165 0x0000000002eff810 code [0x0000000002effb20, 0x0000000002f01468]
Event: 1.024 Thread 0x0000000017700800 1175       3       com.android.dx.ssa.SsaBasicBlock::replaceSuccessor (125 bytes)
Event: 1.024 Thread 0x0000000017700800 nmethod 1175 0x0000000002f02650 code [0x0000000002f028e0, 0x0000000002f03758]
Event: 1.024 Thread 0x0000000017700800 1183       3       com.android.dx.rop.code.RegisterSpecSet::intersect (117 bytes)
Event: 1.025 Thread 0x0000000017700800 nmethod 1183 0x0000000002f040d0 code [0x0000000002f042c0, 0x0000000002f04cb8]
Event: 1.025 Thread 0x0000000017700800 1184       3       com.android.dx.rop.code.RegisterSpecSet::equals (106 bytes)
Event: 1.025 Thread 0x0000000017700800 nmethod 1184 0x0000000002f05310 code [0x0000000002f054e0, 0x0000000002f05d08]
Event: 1.025 Thread 0x0000000017700800 1170       3       com.android.dx.rop.cst.CstString::getType (4 bytes)
Event: 1.025 Thread 0x0000000017700800 nmethod 1170 0x0000000002eee890 code [0x0000000002eee9e0, 0x0000000002eeeb30]
Event: 1.025 Thread 0x0000000017700800 1177       3       com.android.dx.ssa.DeadCodeRemover$NoSideEffectVisitor::visitPhiInsn (22 bytes)

GC Heap History (2 events):
Event: 0.680 GC heap before
{Heap before GC invocations=1 (full 0):
 PSYoungGen      total 38400K, used 33280K [0x00000000eab00000, 0x00000000ed580000, 0x0000000100000000)
  eden space 33280K, 100% used [0x00000000eab00000,0x00000000ecb80000,0x00000000ecb80000)
  from space 5120K, 0% used [0x00000000ed080000,0x00000000ed080000,0x00000000ed580000)
  to   space 5120K, 0% used [0x00000000ecb80000,0x00000000ecb80000,0x00000000ed080000)
 ParOldGen       total 87552K, used 0K [0x00000000c0000000, 0x00000000c5580000, 0x00000000eab00000)
  object space 87552K, 0% used [0x00000000c0000000,0x00000000c0000000,0x00000000c5580000)
 Metaspace       used 5846K, capacity 6768K, committed 7040K, reserved 1056768K
  class space    used 596K, capacity 616K, committed 640K, reserved 1048576K
Event: 0.824 GC heap after
Heap after GC invocations=1 (full 0):
 PSYoungGen      total 38400K, used 5113K [0x00000000eab00000, 0x00000000ef600000, 0x0000000100000000)
  eden space 33280K, 0% used [0x00000000eab00000,0x00000000eab00000,0x00000000ecb80000)
  from space 5120K, 99% used [0x00000000ecb80000,0x00000000ed07e448,0x00000000ed080000)
  to   space 5120K, 0% used [0x00000000ef100000,0x00000000ef100000,0x00000000ef600000)
 ParOldGen       total 87552K, used 869K [0x00000000c0000000, 0x00000000c5580000, 0x00000000eab00000)
  object space 87552K, 0% used [0x00000000c0000000,0x00000000c00d9438,0x00000000c5580000)
 Metaspace       used 5846K, capacity 6768K, committed 7040K, reserved 1056768K
  class space    used 596K, capacity 616K, committed 640K, reserved 1048576K
}

Deoptimization events (10 events):
Event: 0.377 Thread 0x00000000182d0800 Uncommon trap: reason=unstable_if action=reinterpret pc=0x0000000002d1dedc method=com.android.dx.rop.code.LocalItem.hashCode()I @ 25
Event: 0.399 Thread 0x0000000018339000 Uncommon trap: reason=class_check action=maybe_recompile pc=0x0000000002cdebbc method=com.android.dx.rop.type.Type.equals(Ljava/lang/Object;)Z @ 8
Event: 0.403 Thread 0x0000000018339000 Uncommon trap: reason=class_check action=maybe_recompile pc=0x0000000002cdebbc method=com.android.dx.rop.type.Type.equals(Ljava/lang/Object;)Z @ 8
Event: 0.404 Thread 0x0000000018339000 Uncommon trap: reason=class_check action=maybe_recompile pc=0x0000000002cdebbc method=com.android.dx.rop.type.Type.equals(Ljava/lang/Object;)Z @ 8
Event: 0.404 Thread 0x0000000018339000 Uncommon trap: reason=class_check action=maybe_recompile pc=0x0000000002cdebbc method=com.android.dx.rop.type.Type.equals(Ljava/lang/Object;)Z @ 8
Event: 0.532 Thread 0x0000000018339000 Uncommon trap: reason=unstable_if action=reinterpret pc=0x0000000002d59b5c method=com.android.dx.rop.cst.Constant.compareTo(Lcom/android/dx/rop/cst/Constant;)I @ 12
Event: 0.542 Thread 0x00000000179cf800 Uncommon trap: reason=unstable_if action=reinterpret pc=0x0000000002d71eb4 method=com.android.dx.rop.code.LocalItem.hashCode()I @ 25
Event: 0.590 Thread 0x00000000182d0800 Uncommon trap: reason=unstable_if action=reinterpret pc=0x0000000002d64748 method=com.android.dx.rop.code.LocalItem.hashCode()I @ 25
Event: 0.976 Thread 0x0000000018339000 Uncommon trap: reason=null_check action=make_not_entrant pc=0x0000000002e5c640 method=com.android.dx.ssa.SsaRenamer.getLocalForNewReg(I)Lcom/android/dx/rop/code/LocalItem; @ 19
Event: 0.977 Thread 0x0000000018339000 Uncommon trap: reason=null_check action=make_not_entrant pc=0x0000000002e8fa50 method=com.android.dx.ssa.SsaRenamer.getLocalForNewReg(I)Lcom/android/dx/rop/code/LocalItem; @ 19

Internal exceptions (4 events):
Event: 0.037 Thread 0x00000000029a0800 Exception <a 'java/lang/NoSuchMethodError': Method sun.misc.Unsafe.defineClass(Ljava/lang/String;[BII)Ljava/lang/Class; name or signature does not match> (0x00000000eab0d5c8) thrown at [C:\re\workspace\8-2-build-windows-amd64-cygwin\jdk8u60\4407\hotspot\srL•†Å$ú¢?
Event: 0.037 Thread 0x00000000029a0800 Exception <a 'java/lang/NoSuchMethodError': Method sun.misc.Unsafe.prefetchRead(Ljava/lang/Object;J)V name or signature does not match> (0x00000000eab0d8b0) thrown at [C:\re\workspace\8-2-build-windows-amd64-cygwin\jdk8u60\4407\hotspot\src\share\vm\prims\j¡–¼=ï?
Event: 0.976 Thread 0x0000000018339000 Implicit null exception at 0x0000000002e5b97d to 0x0000000002e5c5f9
Event: 0.977 Thread 0x0000000018339000 Implicit null exception at 0x0000000002e8ef2e to 0x0000000002e8fa29

Events (10 events):
Event: 0.632 Executing VM operation: ParallelGCFailedAllocation
Event: 0.824 Executing VM operation: ParallelGCFailedAllocation done
Event: 0.976 Thread 0x0000000018339000 Uncommon trap: trap_request=0xfffffff4 fr.pc=0x0000000002e5c640
Event: 0.976 Thread 0x0000000018339000 DEOPT PACKING pc=0x0000000002e5c640 sp=0x0000000018f9e3d0
Event: 0.976 Thread 0x0000000018339000 DEOPT UNPACKING pc=0x0000000002ae582a sp=0x0000000018f9e1c8 mode 2
Event: 0.977 Thread 0x0000000018339000 Uncommon trap: trap_request=0xfffffff4 fr.pc=0x0000000002e8fa50
Event: 0.977 Thread 0x0000000018339000 DEOPT PACKING pc=0x0000000002e8fa50 sp=0x0000000018f9e350
Event: 0.977 Thread 0x0000000018339000 DEOPT UNPACKING pc=0x0000000002ae582a sp=0x0000000018f9e1b8 mode 2
Event: 1.024 Thread 0x0000000018339000 DEOPT PACKING pc=0x0000000002dd9eb5 sp=0x0000000018f9e280
Event: 1.024 Thread 0x0000000018339000 DEOPT UNPACKING pc=0x0000000002ae787f sp=0x0000000018f9dfe8 mode 0


Dynamic libraries:
0x00007ff67be80000 - 0x00007ff67beb7000 	C:\Program Files\Java\jdk1.8.0_60\bin\java.exe
0x00007fff3d490000 - 0x00007fff3d651000 	C:\WINDOWS\SYSTEM32\ntdll.dll
0x00007fff3d0a0000 - 0x00007fff3d14d000 	C:\WINDOWS\system32\KERNEL32.DLL
0x00007fff3a640000 - 0x00007fff3a81d000 	C:\WINDOWS\system32\KERNELBASE.dll
0x00007fff3cd20000 - 0x00007fff3cdc6000 	C:\WINDOWS\system32\ADVAPI32.dll
0x00007fff3ae00000 - 0x00007fff3ae9d000 	C:\WINDOWS\system32\msvcrt.dll
0x00007fff3cf30000 - 0x00007fff3cf8b000 	C:\WINDOWS\system32\sechost.dll
0x00007fff3ab60000 - 0x00007fff3ac86000 	C:\WINDOWS\system32\RPCRT4.dll
0x00007fff3ac90000 - 0x00007fff3adde000 	C:\WINDOWS\system32\USER32.dll
0x00007fff3cb10000 - 0x00007fff3cc96000 	C:\WINDOWS\system32\GDI32.dll
0x00007fff36c50000 - 0x00007fff36ec4000 	C:\WINDOWS\WinSxS\amd64_microsoft.windows.common-controls_6595b64144ccf1df_6.0.10240.16384_none_f41f7b285750ef43\COMCTL32.dll
0x00007fff3b190000 - 0x00007fff3b1c6000 	C:\WINDOWS\system32\IMM32.DLL
0x00007fff3c700000 - 0x00007fff3c85c000 	C:\WINDOWS\system32\MSCTF.dll
0x0000000066510000 - 0x00000000665e2000 	C:\Program Files\Java\jdk1.8.0_60\jre\bin\msvcr100.dll
0x0000000066990000 - 0x0000000067219000 	C:\Program Files\Java\jdk1.8.0_60\jre\bin\server\jvm.dll
0x00007fff3aea0000 - 0x00007fff3aea8000 	C:\WINDOWS\system32\PSAPI.DLL
0x00007fff36fb0000 - 0x00007fff36fb9000 	C:\WINDOWS\SYSTEM32\WSOCK32.dll
0x00007fff3cca0000 - 0x00007fff3cd09000 	C:\WINDOWS\system32\WS2_32.dll
0x00007fff3cdd0000 - 0x00007fff3cdd8000 	C:\WINDOWS\system32\NSI.dll
0x00007fff38510000 - 0x00007fff38533000 	C:\WINDOWS\SYSTEM32\WINMM.dll
0x00007fff36f80000 - 0x00007fff36f8a000 	C:\WINDOWS\SYSTEM32\VERSION.dll
0x00007fff384b0000 - 0x00007fff384dc000 	C:\WINDOWS\SYSTEM32\WINMMBASE.dll
0x00007fff3aab0000 - 0x00007fff3aaf4000 	C:\WINDOWS\system32\cfgmgr32.dll
0x00007fff38830000 - 0x00007fff38857000 	C:\WINDOWS\SYSTEM32\DEVOBJ.dll
0x0000000066980000 - 0x000000006698f000 	C:\Program Files\Java\jdk1.8.0_60\jre\bin\verify.dll
0x0000000066950000 - 0x0000000066979000 	C:\Program Files\Java\jdk1.8.0_60\jre\bin\java.dll
0x0000000066930000 - 0x0000000066946000 	C:\Program Files\Java\jdk1.8.0_60\jre\bin\zip.dll
0x00007fff3b1d0000 - 0x00007fff3c6f2000 	C:\WINDOWS\system32\SHELL32.dll
0x00007fff39f60000 - 0x00007fff3a588000 	C:\WINDOWS\system32\windows.storage.dll
0x00007fff3af10000 - 0x00007fff3b18c000 	C:\WINDOWS\system32\combase.dll
0x00007fff3d040000 - 0x00007fff3d091000 	C:\WINDOWS\system32\shlwapi.dll
0x00007fff39ee0000 - 0x00007fff39eef000 	C:\WINDOWS\system32\kernel.appcore.dll
0x00007fff3a820000 - 0x00007fff3a8d3000 	C:\WINDOWS\system32\shcore.dll
0x00007fff39f10000 - 0x00007fff39f5a000 	C:\WINDOWS\system32\powrprof.dll
0x00007fff39ec0000 - 0x00007fff39ed3000 	C:\WINDOWS\system32\profapi.dll

VM Arguments:
jvm_args: -Djava.awt.headless=true -Xmx1024M -Dfile.encoding=windows-1252 -Duser.country=ES -Duser.language=es -Duser.variant 
java_command: com.android.dx.command.Main --dex --num-threads=4 --output C:\Users\lprub\Desktop\HistorialLlamadas\app\build\intermediates\pre-dexed\debug\internal_impl-23.1.1_92a8d23711bfd95614607212bad33229b77d64e7.jar C:\Users\lprub\Desktop\HistorialLlamadas\app\build\intermediates\exploded-aar\com.android.support\support-v4\23.1.1\jars\libs\internal_impl-23.1.1.jar
java_class_path (initial): C:\Users\lprub\AppData\Local\Android\sdk\build-tools\23.0.2\lib\dx.jar
Launcher Type: SUN_STANDARD

Environment Variables:
PATH=C:\ProgramData\Oracle\Java\javapath;C:\Program Files (x86)\Intel\iCLS Client\;C:\Program Files\Intel\iCLS Client\;C:\WINDOWS\system32;C:\WINDOWS;C:\WINDOWS\System32\Wbem;C:\WINDOWS\System32\WindowsPowerShell\v1.0\;C:\Program Files (x86)\NVIDIA Corporation\PhysX\Common;C:\Program Files (x86)\Intel\Intel(R) Management Engine Components\DAL;C:\Program Files\Intel\Intel(R) Management Engine Components\DAL;C:\Program Files (x86)\Intel\Intel(R) Management Engine Components\IPT;C:\Program Files\Intel\Intel(R) Management Engine Components\IPT;C:\Program Files (x86)\Brackets\command;C:\Program Files (x86)\Skype\Phone\
USERNAME=lprub
OS=Windows_NT
PROCESSOR_IDENTIFIER=Intel64 Family 6 Model 60 Stepping 3, GenuineIntel



---------------  S Y S T E M  ---------------

OS: Windows 10.0 , 64 bit Build 10240 (10.0.10240.16384)

CPU:total 8 (4 cores per cpu, 2 threads per core) family 6 model 60 stepping 3, cmov, cx8, fxsr, mmx, sse, sse2, sse3, ssse3, sse4.1, sse4.2, popcnt, avx, avx2, aes, clmul, erms, lzcnt, ht, tsc, tscinvbit, bmi1, bmi2

Memory: 4k page, physical 8314240k(1386560k free), swap 9362816k(5476k free)

vm_info: Java HotSpot(TM) 64-Bit Server VM (25.60-b23) for windows-amd64 JRE (1.8.0_60-b27), built on Aug  4 2015 11:06:27 by "java_re" with MS VC++ 10.0 (VS2010)

time: Wed Jan 27 14:07:48 2016
elapsed time: 1 seconds (0d 0h 0m 1s)

